{"C:\\Users\\Prakash\\Documents\\work\\projects\\Heimdall\\js\\background-wrapper.js": {"path":"C:\\Users\\Prakash\\Documents\\work\\projects\\Heimdall\\js\\background-wrapper.js","statementMap":{"0":{"start":{"line":1,"column":0},"end":{"line":5,"column":1}},"1":{"start":{"line":2,"column":4},"end":{"line":2,"column":40}},"2":{"start":{"line":4,"column":4},"end":{"line":4,"column":61}}},"fnMap":{},"branchMap":{},"s":{"0":2,"1":2,"2":1},"f":{},"b":{},"_coverageSchema":"1a1c01bbd47fc00a2c39e90264f33305004495a9","hash":"3e030617c875232bc5d3f792c3678742bf19750a"}
,"C:\\Users\\Prakash\\Documents\\work\\projects\\Heimdall\\js\\core.js": {"path":"C:\\Users\\Prakash\\Documents\\work\\projects\\Heimdall\\js\\core.js","statementMap":{"0":{"start":{"line":1,"column":19},"end":{"line":1,"column":21}},"1":{"start":{"line":3,"column":30},"end":{"line":3,"column":35}},"2":{"start":{"line":4,"column":20},"end":{"line":4,"column":24}},"3":{"start":{"line":5,"column":17},"end":{"line":5,"column":21}},"4":{"start":{"line":6,"column":24},"end":{"line":6,"column":30}},"5":{"start":{"line":8,"column":20},"end":{"line":12,"column":1}},"6":{"start":{"line":14,"column":12},"end":{"line":14,"column":23}},"7":{"start":{"line":17,"column":20},"end":{"line":17,"column":50}},"8":{"start":{"line":18,"column":2},"end":{"line":24,"column":3}},"9":{"start":{"line":19,"column":4},"end":{"line":23,"column":5}},"10":{"start":{"line":20,"column":6},"end":{"line":20,"column":37}},"11":{"start":{"line":22,"column":6},"end":{"line":22,"column":55}},"12":{"start":{"line":26,"column":2},"end":{"line":26,"column":65}},"13":{"start":{"line":27,"column":2},"end":{"line":27,"column":23}},"14":{"start":{"line":31,"column":2},"end":{"line":31,"column":57}},"15":{"start":{"line":32,"column":2},"end":{"line":32,"column":16}},"16":{"start":{"line":36,"column":14},"end":{"line":36,"column":25}},"17":{"start":{"line":37,"column":2},"end":{"line":37,"column":20}},"18":{"start":{"line":38,"column":2},"end":{"line":38,"column":19}},"19":{"start":{"line":39,"column":2},"end":{"line":39,"column":15}},"20":{"start":{"line":43,"column":14},"end":{"line":43,"column":25}},"21":{"start":{"line":44,"column":2},"end":{"line":44,"column":21}},"22":{"start":{"line":45,"column":2},"end":{"line":45,"column":19}},"23":{"start":{"line":46,"column":2},"end":{"line":46,"column":15}},"24":{"start":{"line":50,"column":14},"end":{"line":50,"column":25}},"25":{"start":{"line":51,"column":17},"end":{"line":51,"column":35}},"26":{"start":{"line":52,"column":17},"end":{"line":52,"column":19}},"27":{"start":{"line":53,"column":18},"end":{"line":53,"column":19}},"28":{"start":{"line":55,"column":2},"end":{"line":58,"column":3}},"29":{"start":{"line":56,"column":4},"end":{"line":56,"column":31}},"30":{"start":{"line":56,"column":18},"end":{"line":56,"column":31}},"31":{"start":{"line":57,"column":4},"end":{"line":57,"column":11}},"32":{"start":{"line":60,"column":2},"end":{"line":77,"column":5}},"33":{"start":{"line":61,"column":17},"end":{"line":61,"column":51}},"34":{"start":{"line":62,"column":4},"end":{"line":76,"column":5}},"35":{"start":{"line":63,"column":6},"end":{"line":63,"column":53}},"36":{"start":{"line":64,"column":6},"end":{"line":64,"column":18}},"37":{"start":{"line":65,"column":6},"end":{"line":67,"column":7}},"38":{"start":{"line":66,"column":8},"end":{"line":66,"column":46}},"39":{"start":{"line":69,"column":6},"end":{"line":75,"column":9}},"40":{"start":{"line":70,"column":8},"end":{"line":70,"column":54}},"41":{"start":{"line":71,"column":8},"end":{"line":71,"column":20}},"42":{"start":{"line":72,"column":8},"end":{"line":74,"column":9}},"43":{"start":{"line":73,"column":10},"end":{"line":73,"column":48}},"44":{"start":{"line":83,"column":17},"end":{"line":83,"column":54}},"45":{"start":{"line":83,"column":34},"end":{"line":83,"column":53}},"46":{"start":{"line":84,"column":2},"end":{"line":84,"column":35}},"47":{"start":{"line":84,"column":16},"end":{"line":84,"column":35}},"48":{"start":{"line":88,"column":2},"end":{"line":90,"column":3}},"49":{"start":{"line":89,"column":4},"end":{"line":89,"column":30}},"50":{"start":{"line":94,"column":20},"end":{"line":94,"column":70}},"51":{"start":{"line":95,"column":17},"end":{"line":95,"column":71}},"52":{"start":{"line":96,"column":20},"end":{"line":96,"column":42}},"53":{"start":{"line":97,"column":16},"end":{"line":97,"column":50}},"54":{"start":{"line":98,"column":17},"end":{"line":98,"column":38}},"55":{"start":{"line":99,"column":2},"end":{"line":106,"column":3}},"56":{"start":{"line":100,"column":4},"end":{"line":100,"column":34}},"57":{"start":{"line":103,"column":4},"end":{"line":105,"column":5}},"58":{"start":{"line":104,"column":6},"end":{"line":104,"column":36}},"59":{"start":{"line":110,"column":12},"end":{"line":110,"column":32}},"60":{"start":{"line":111,"column":12},"end":{"line":111,"column":26}},"61":{"start":{"line":112,"column":2},"end":{"line":112,"column":19}},"62":{"start":{"line":112,"column":12},"end":{"line":112,"column":19}},"63":{"start":{"line":114,"column":2},"end":{"line":114,"column":23}},"64":{"start":{"line":115,"column":2},"end":{"line":122,"column":4}},"65":{"start":{"line":116,"column":4},"end":{"line":121,"column":5}},"66":{"start":{"line":117,"column":6},"end":{"line":117,"column":56}},"67":{"start":{"line":120,"column":6},"end":{"line":120,"column":53}},"68":{"start":{"line":123,"column":2},"end":{"line":125,"column":4}},"69":{"start":{"line":124,"column":4},"end":{"line":124,"column":51}},"70":{"start":{"line":126,"column":2},"end":{"line":126,"column":13}},"71":{"start":{"line":130,"column":2},"end":{"line":133,"column":3}},"72":{"start":{"line":131,"column":4},"end":{"line":131,"column":58}},"73":{"start":{"line":132,"column":4},"end":{"line":132,"column":11}},"74":{"start":{"line":134,"column":14},"end":{"line":134,"column":33}},"75":{"start":{"line":135,"column":2},"end":{"line":135,"column":42}},"76":{"start":{"line":137,"column":2},"end":{"line":139,"column":3}},"77":{"start":{"line":138,"column":4},"end":{"line":138,"column":20}},"78":{"start":{"line":141,"column":2},"end":{"line":144,"column":3}},"79":{"start":{"line":142,"column":4},"end":{"line":142,"column":22}},"80":{"start":{"line":143,"column":4},"end":{"line":143,"column":36}},"81":{"start":{"line":145,"column":2},"end":{"line":145,"column":66}},"82":{"start":{"line":149,"column":2},"end":{"line":149,"column":66}},"83":{"start":{"line":153,"column":2},"end":{"line":153,"column":64}},"84":{"start":{"line":154,"column":2},"end":{"line":156,"column":3}},"85":{"start":{"line":155,"column":4},"end":{"line":155,"column":17}},"86":{"start":{"line":160,"column":20},"end":{"line":160,"column":96}},"87":{"start":{"line":161,"column":2},"end":{"line":161,"column":75}},"88":{"start":{"line":166,"column":2},"end":{"line":173,"column":3}},"89":{"start":{"line":167,"column":4},"end":{"line":167,"column":51}},"90":{"start":{"line":168,"column":4},"end":{"line":168,"column":25}},"91":{"start":{"line":169,"column":4},"end":{"line":169,"column":24}},"92":{"start":{"line":172,"column":4},"end":{"line":172,"column":62}},"93":{"start":{"line":175,"column":2},"end":{"line":175,"column":16}},"94":{"start":{"line":179,"column":15},"end":{"line":179,"column":30}},"95":{"start":{"line":180,"column":12},"end":{"line":180,"column":57}},"96":{"start":{"line":181,"column":16},"end":{"line":181,"column":49}},"97":{"start":{"line":182,"column":2},"end":{"line":184,"column":3}},"98":{"start":{"line":183,"column":4},"end":{"line":183,"column":47}},"99":{"start":{"line":185,"column":14},"end":{"line":185,"column":52}},"100":{"start":{"line":186,"column":14},"end":{"line":186,"column":25}},"101":{"start":{"line":187,"column":2},"end":{"line":225,"column":3}},"102":{"start":{"line":187,"column":15},"end":{"line":187,"column":16}},"103":{"start":{"line":188,"column":15},"end":{"line":188,"column":30}},"104":{"start":{"line":189,"column":19},"end":{"line":189,"column":31}},"105":{"start":{"line":191,"column":20},"end":{"line":191,"column":57}},"106":{"start":{"line":192,"column":4},"end":{"line":196,"column":5}},"107":{"start":{"line":193,"column":6},"end":{"line":193,"column":45}},"108":{"start":{"line":195,"column":6},"end":{"line":195,"column":39}},"109":{"start":{"line":199,"column":19},"end":{"line":199,"column":55}},"110":{"start":{"line":200,"column":4},"end":{"line":214,"column":5}},"111":{"start":{"line":202,"column":6},"end":{"line":211,"column":7}},"112":{"start":{"line":203,"column":8},"end":{"line":203,"column":54}},"113":{"start":{"line":205,"column":8},"end":{"line":205,"column":60}},"114":{"start":{"line":206,"column":8},"end":{"line":210,"column":9}},"115":{"start":{"line":207,"column":10},"end":{"line":207,"column":47}},"116":{"start":{"line":209,"column":10},"end":{"line":209,"column":29}},"117":{"start":{"line":213,"column":6},"end":{"line":213,"column":43}},"118":{"start":{"line":217,"column":23},"end":{"line":217,"column":63}},"119":{"start":{"line":218,"column":4},"end":{"line":222,"column":5}},"120":{"start":{"line":219,"column":6},"end":{"line":219,"column":55}},"121":{"start":{"line":221,"column":6},"end":{"line":221,"column":33}},"122":{"start":{"line":224,"column":4},"end":{"line":224,"column":25}},"123":{"start":{"line":226,"column":2},"end":{"line":226,"column":15}},"124":{"start":{"line":230,"column":2},"end":{"line":230,"column":53}},"125":{"start":{"line":231,"column":2},"end":{"line":233,"column":3}},"126":{"start":{"line":231,"column":15},"end":{"line":231,"column":16}},"127":{"start":{"line":232,"column":4},"end":{"line":232,"column":67}},"128":{"start":{"line":237,"column":17},"end":{"line":237,"column":52}},"129":{"start":{"line":238,"column":2},"end":{"line":247,"column":3}},"130":{"start":{"line":239,"column":4},"end":{"line":239,"column":16}},"131":{"start":{"line":242,"column":16},"end":{"line":242,"column":27}},"132":{"start":{"line":243,"column":4},"end":{"line":245,"column":5}},"133":{"start":{"line":243,"column":17},"end":{"line":243,"column":18}},"134":{"start":{"line":244,"column":6},"end":{"line":244,"column":65}},"135":{"start":{"line":246,"column":4},"end":{"line":246,"column":17}},"136":{"start":{"line":253,"column":2},"end":{"line":253,"column":21}},"137":{"start":{"line":254,"column":2},"end":{"line":254,"column":69}},"138":{"start":{"line":258,"column":2},"end":{"line":258,"column":21}},"139":{"start":{"line":259,"column":2},"end":{"line":259,"column":27}},"140":{"start":{"line":263,"column":13},"end":{"line":263,"column":25}},"141":{"start":{"line":264,"column":15},"end":{"line":264,"column":29}},"142":{"start":{"line":265,"column":11},"end":{"line":265,"column":15}},"143":{"start":{"line":266,"column":2},"end":{"line":266,"column":31}},"144":{"start":{"line":266,"column":19},"end":{"line":266,"column":29}},"145":{"start":{"line":267,"column":2},"end":{"line":267,"column":38}},"146":{"start":{"line":267,"column":19},"end":{"line":267,"column":36}},"147":{"start":{"line":268,"column":2},"end":{"line":268,"column":31}},"148":{"start":{"line":268,"column":19},"end":{"line":268,"column":29}},"149":{"start":{"line":269,"column":2},"end":{"line":269,"column":45}},"150":{"start":{"line":269,"column":21},"end":{"line":269,"column":43}},"151":{"start":{"line":270,"column":19},"end":{"line":274,"column":6}},"152":{"start":{"line":275,"column":2},"end":{"line":275,"column":20}},"153":{"start":{"line":281,"column":2},"end":{"line":283,"column":3}},"154":{"start":{"line":282,"column":4},"end":{"line":282,"column":11}},"155":{"start":{"line":284,"column":2},"end":{"line":284,"column":100}},"156":{"start":{"line":288,"column":10},"end":{"line":288,"column":37}},"157":{"start":{"line":289,"column":2},"end":{"line":289,"column":27}},"158":{"start":{"line":293,"column":10},"end":{"line":293,"column":37}},"159":{"start":{"line":294,"column":2},"end":{"line":294,"column":35}},"160":{"start":{"line":294,"column":9},"end":{"line":294,"column":35}},"161":{"start":{"line":298,"column":10},"end":{"line":298,"column":37}},"162":{"start":{"line":299,"column":2},"end":{"line":302,"column":30}},"163":{"start":{"line":300,"column":4},"end":{"line":300,"column":29}},"164":{"start":{"line":302,"column":4},"end":{"line":302,"column":30}},"165":{"start":{"line":305,"column":0},"end":{"line":334,"column":1}},"166":{"start":{"line":306,"column":2},"end":{"line":333,"column":4}}},"fnMap":{"0":{"name":"LoadFeeds","decl":{"start":{"line":16,"column":9},"end":{"line":16,"column":18}},"loc":{"start":{"line":16,"column":21},"end":{"line":28,"column":1}},"line":16},"1":{"name":"SaveFeeds","decl":{"start":{"line":30,"column":9},"end":{"line":30,"column":18}},"loc":{"start":{"line":30,"column":26},"end":{"line":33,"column":1}},"line":30},"2":{"name":"AddFeed","decl":{"start":{"line":35,"column":9},"end":{"line":35,"column":16}},"loc":{"start":{"line":35,"column":28},"end":{"line":40,"column":1}},"line":35},"3":{"name":"RemoveFeed","decl":{"start":{"line":42,"column":9},"end":{"line":42,"column":19}},"loc":{"start":{"line":42,"column":26},"end":{"line":47,"column":1}},"line":42},"4":{"name":"GetMixedFeed","decl":{"start":{"line":49,"column":9},"end":{"line":49,"column":21}},"loc":{"start":{"line":49,"column":32},"end":{"line":78,"column":1}},"line":49},"5":{"name":"(anonymous_5)","decl":{"start":{"line":60,"column":19},"end":{"line":60,"column":20}},"loc":{"start":{"line":60,"column":34},"end":{"line":77,"column":3}},"line":60},"6":{"name":"(anonymous_6)","decl":{"start":{"line":69,"column":22},"end":{"line":69,"column":23}},"loc":{"start":{"line":69,"column":39},"end":{"line":75,"column":7}},"line":69},"7":{"name":"finalizeMixedFeed","decl":{"start":{"line":80,"column":9},"end":{"line":80,"column":26}},"loc":{"start":{"line":80,"column":44},"end":{"line":85,"column":1}},"line":80},"8":{"name":"(anonymous_8)","decl":{"start":{"line":83,"column":28},"end":{"line":83,"column":29}},"loc":{"start":{"line":83,"column":34},"end":{"line":83,"column":53}},"line":83},"9":{"name":"SetInitialOption","decl":{"start":{"line":87,"column":9},"end":{"line":87,"column":25}},"loc":{"start":{"line":87,"column":38},"end":{"line":91,"column":1}},"line":87},"10":{"name":"UpdateIfReady","decl":{"start":{"line":93,"column":9},"end":{"line":93,"column":22}},"loc":{"start":{"line":93,"column":49},"end":{"line":107,"column":1}},"line":93},"11":{"name":"UpdateFeed","decl":{"start":{"line":109,"column":9},"end":{"line":109,"column":19}},"loc":{"start":{"line":109,"column":39},"end":{"line":127,"column":1}},"line":109},"12":{"name":"(anonymous_12)","decl":{"start":{"line":115,"column":15},"end":{"line":115,"column":16}},"loc":{"start":{"line":115,"column":27},"end":{"line":122,"column":3}},"line":115},"13":{"name":"(anonymous_13)","decl":{"start":{"line":123,"column":16},"end":{"line":123,"column":17}},"loc":{"start":{"line":123,"column":28},"end":{"line":125,"column":3}},"line":123},"14":{"name":"onRssSuccess","decl":{"start":{"line":129,"column":9},"end":{"line":129,"column":21}},"loc":{"start":{"line":129,"column":46},"end":{"line":146,"column":1}},"line":129},"15":{"name":"updateLastRefreshTime","decl":{"start":{"line":148,"column":9},"end":{"line":148,"column":30}},"loc":{"start":{"line":148,"column":40},"end":{"line":150,"column":1}},"line":148},"16":{"name":"onRssError","decl":{"start":{"line":152,"column":9},"end":{"line":152,"column":19}},"loc":{"start":{"line":152,"column":57},"end":{"line":157,"column":1}},"line":152},"17":{"name":"handleFeedParsingFailed","decl":{"start":{"line":159,"column":9},"end":{"line":159,"column":32}},"loc":{"start":{"line":159,"column":49},"end":{"line":162,"column":1}},"line":159},"18":{"name":"parseXml","decl":{"start":{"line":164,"column":9},"end":{"line":164,"column":17}},"loc":{"start":{"line":164,"column":23},"end":{"line":176,"column":1}},"line":164},"19":{"name":"parseFeedLinks","decl":{"start":{"line":178,"column":9},"end":{"line":178,"column":23}},"loc":{"start":{"line":178,"column":35},"end":{"line":227,"column":1}},"line":178},"20":{"name":"SaveLinksToLocalStorage","decl":{"start":{"line":229,"column":9},"end":{"line":229,"column":32}},"loc":{"start":{"line":229,"column":49},"end":{"line":234,"column":1}},"line":229},"21":{"name":"RetrieveLinksFromLocalStorage","decl":{"start":{"line":236,"column":9},"end":{"line":236,"column":38}},"loc":{"start":{"line":236,"column":48},"end":{"line":248,"column":1}},"line":236},"22":{"name":"openLink","decl":{"start":{"line":252,"column":9},"end":{"line":252,"column":17}},"loc":{"start":{"line":252,"column":21},"end":{"line":255,"column":1}},"line":252},"23":{"name":"openLinkFront","decl":{"start":{"line":257,"column":9},"end":{"line":257,"column":22}},"loc":{"start":{"line":257,"column":26},"end":{"line":260,"column":1}},"line":257},"24":{"name":"printTime","decl":{"start":{"line":262,"column":9},"end":{"line":262,"column":18}},"loc":{"start":{"line":262,"column":22},"end":{"line":276,"column":1}},"line":262},"25":{"name":"openUrl","decl":{"start":{"line":279,"column":9},"end":{"line":279,"column":16}},"loc":{"start":{"line":279,"column":34},"end":{"line":285,"column":1}},"line":279},"26":{"name":"hideElement","decl":{"start":{"line":287,"column":9},"end":{"line":287,"column":20}},"loc":{"start":{"line":287,"column":25},"end":{"line":290,"column":1}},"line":287},"27":{"name":"showElement","decl":{"start":{"line":292,"column":9},"end":{"line":292,"column":20}},"loc":{"start":{"line":292,"column":25},"end":{"line":295,"column":1}},"line":292},"28":{"name":"toggle","decl":{"start":{"line":297,"column":9},"end":{"line":297,"column":15}},"loc":{"start":{"line":297,"column":20},"end":{"line":303,"column":1}},"line":297}},"branchMap":{"0":{"loc":{"start":{"line":18,"column":2},"end":{"line":24,"column":3}},"type":"if","locations":[{"start":{"line":18,"column":2},"end":{"line":24,"column":3}},{"start":{},"end":{}}],"line":18},"1":{"loc":{"start":{"line":55,"column":2},"end":{"line":58,"column":3}},"type":"if","locations":[{"start":{"line":55,"column":2},"end":{"line":58,"column":3}},{"start":{},"end":{}}],"line":55},"2":{"loc":{"start":{"line":56,"column":4},"end":{"line":56,"column":31}},"type":"if","locations":[{"start":{"line":56,"column":4},"end":{"line":56,"column":31}},{"start":{},"end":{}}],"line":56},"3":{"loc":{"start":{"line":62,"column":4},"end":{"line":76,"column":5}},"type":"if","locations":[{"start":{"line":62,"column":4},"end":{"line":76,"column":5}},{"start":{"line":68,"column":11},"end":{"line":76,"column":5}}],"line":62},"4":{"loc":{"start":{"line":65,"column":6},"end":{"line":67,"column":7}},"type":"if","locations":[{"start":{"line":65,"column":6},"end":{"line":67,"column":7}},{"start":{},"end":{}}],"line":65},"5":{"loc":{"start":{"line":72,"column":8},"end":{"line":74,"column":9}},"type":"if","locations":[{"start":{"line":72,"column":8},"end":{"line":74,"column":9}},{"start":{},"end":{}}],"line":72},"6":{"loc":{"start":{"line":84,"column":2},"end":{"line":84,"column":35}},"type":"if","locations":[{"start":{"line":84,"column":2},"end":{"line":84,"column":35}},{"start":{},"end":{}}],"line":84},"7":{"loc":{"start":{"line":88,"column":2},"end":{"line":90,"column":3}},"type":"if","locations":[{"start":{"line":88,"column":2},"end":{"line":90,"column":3}},{"start":{},"end":{}}],"line":88},"8":{"loc":{"start":{"line":88,"column":6},"end":{"line":88,"column":67}},"type":"binary-expr","locations":[{"start":{"line":88,"column":6},"end":{"line":88,"column":37}},{"start":{"line":88,"column":41},"end":{"line":88,"column":67}}],"line":88},"9":{"loc":{"start":{"line":99,"column":2},"end":{"line":106,"column":3}},"type":"if","locations":[{"start":{"line":99,"column":2},"end":{"line":106,"column":3}},{"start":{"line":102,"column":7},"end":{"line":106,"column":3}}],"line":99},"10":{"loc":{"start":{"line":99,"column":6},"end":{"line":99,"column":43}},"type":"binary-expr","locations":[{"start":{"line":99,"column":7},"end":{"line":99,"column":20}},{"start":{"line":99,"column":25},"end":{"line":99,"column":43}}],"line":99},"11":{"loc":{"start":{"line":103,"column":4},"end":{"line":105,"column":5}},"type":"if","locations":[{"start":{"line":103,"column":4},"end":{"line":105,"column":5}},{"start":{},"end":{}}],"line":103},"12":{"loc":{"start":{"line":112,"column":2},"end":{"line":112,"column":19}},"type":"if","locations":[{"start":{"line":112,"column":2},"end":{"line":112,"column":19}},{"start":{},"end":{}}],"line":112},"13":{"loc":{"start":{"line":116,"column":4},"end":{"line":121,"column":5}},"type":"if","locations":[{"start":{"line":116,"column":4},"end":{"line":121,"column":5}},{"start":{"line":119,"column":9},"end":{"line":121,"column":5}}],"line":116},"14":{"loc":{"start":{"line":130,"column":2},"end":{"line":133,"column":3}},"type":"if","locations":[{"start":{"line":130,"column":2},"end":{"line":133,"column":3}},{"start":{},"end":{}}],"line":130},"15":{"loc":{"start":{"line":137,"column":2},"end":{"line":139,"column":3}},"type":"if","locations":[{"start":{"line":137,"column":2},"end":{"line":139,"column":3}},{"start":{},"end":{}}],"line":137},"16":{"loc":{"start":{"line":141,"column":2},"end":{"line":144,"column":3}},"type":"if","locations":[{"start":{"line":141,"column":2},"end":{"line":144,"column":3}},{"start":{},"end":{}}],"line":141},"17":{"loc":{"start":{"line":141,"column":6},"end":{"line":141,"column":73}},"type":"binary-expr","locations":[{"start":{"line":141,"column":6},"end":{"line":141,"column":37}},{"start":{"line":141,"column":41},"end":{"line":141,"column":73}}],"line":141},"18":{"loc":{"start":{"line":154,"column":2},"end":{"line":156,"column":3}},"type":"if","locations":[{"start":{"line":154,"column":2},"end":{"line":156,"column":3}},{"start":{},"end":{}}],"line":154},"19":{"loc":{"start":{"line":160,"column":20},"end":{"line":160,"column":96}},"type":"binary-expr","locations":[{"start":{"line":160,"column":20},"end":{"line":160,"column":70}},{"start":{"line":160,"column":74},"end":{"line":160,"column":96}}],"line":160},"20":{"loc":{"start":{"line":182,"column":2},"end":{"line":184,"column":3}},"type":"if","locations":[{"start":{"line":182,"column":2},"end":{"line":184,"column":3}},{"start":{},"end":{}}],"line":182},"21":{"loc":{"start":{"line":192,"column":4},"end":{"line":196,"column":5}},"type":"if","locations":[{"start":{"line":192,"column":4},"end":{"line":196,"column":5}},{"start":{"line":194,"column":11},"end":{"line":196,"column":5}}],"line":192},"22":{"loc":{"start":{"line":200,"column":4},"end":{"line":214,"column":5}},"type":"if","locations":[{"start":{"line":200,"column":4},"end":{"line":214,"column":5}},{"start":{"line":212,"column":11},"end":{"line":214,"column":5}}],"line":200},"23":{"loc":{"start":{"line":200,"column":8},"end":{"line":200,"column":42}},"type":"binary-expr","locations":[{"start":{"line":200,"column":8},"end":{"line":200,"column":17}},{"start":{"line":200,"column":21},"end":{"line":200,"column":42}}],"line":200},"24":{"loc":{"start":{"line":202,"column":6},"end":{"line":211,"column":7}},"type":"if","locations":[{"start":{"line":202,"column":6},"end":{"line":211,"column":7}},{"start":{"line":204,"column":13},"end":{"line":211,"column":7}}],"line":202},"25":{"loc":{"start":{"line":202,"column":10},"end":{"line":202,"column":51}},"type":"binary-expr","locations":[{"start":{"line":202,"column":10},"end":{"line":202,"column":18}},{"start":{"line":202,"column":22},"end":{"line":202,"column":51}}],"line":202},"26":{"loc":{"start":{"line":206,"column":8},"end":{"line":210,"column":9}},"type":"if","locations":[{"start":{"line":206,"column":8},"end":{"line":210,"column":9}},{"start":{"line":208,"column":15},"end":{"line":210,"column":9}}],"line":206},"27":{"loc":{"start":{"line":218,"column":4},"end":{"line":222,"column":5}},"type":"if","locations":[{"start":{"line":218,"column":4},"end":{"line":222,"column":5}},{"start":{"line":220,"column":11},"end":{"line":222,"column":5}}],"line":218},"28":{"loc":{"start":{"line":238,"column":2},"end":{"line":247,"column":3}},"type":"if","locations":[{"start":{"line":238,"column":2},"end":{"line":247,"column":3}},{"start":{"line":241,"column":7},"end":{"line":247,"column":3}}],"line":238},"29":{"loc":{"start":{"line":238,"column":6},"end":{"line":238,"column":49}},"type":"binary-expr","locations":[{"start":{"line":238,"column":6},"end":{"line":238,"column":28}},{"start":{"line":238,"column":32},"end":{"line":238,"column":49}}],"line":238},"30":{"loc":{"start":{"line":266,"column":2},"end":{"line":266,"column":31}},"type":"if","locations":[{"start":{"line":266,"column":2},"end":{"line":266,"column":31}},{"start":{},"end":{}}],"line":266},"31":{"loc":{"start":{"line":267,"column":2},"end":{"line":267,"column":38}},"type":"if","locations":[{"start":{"line":267,"column":2},"end":{"line":267,"column":38}},{"start":{},"end":{}}],"line":267},"32":{"loc":{"start":{"line":268,"column":2},"end":{"line":268,"column":31}},"type":"if","locations":[{"start":{"line":268,"column":2},"end":{"line":268,"column":31}},{"start":{},"end":{}}],"line":268},"33":{"loc":{"start":{"line":269,"column":2},"end":{"line":269,"column":45}},"type":"if","locations":[{"start":{"line":269,"column":2},"end":{"line":269,"column":45}},{"start":{},"end":{}}],"line":269},"34":{"loc":{"start":{"line":281,"column":2},"end":{"line":283,"column":3}},"type":"if","locations":[{"start":{"line":281,"column":2},"end":{"line":283,"column":3}},{"start":{},"end":{}}],"line":281},"35":{"loc":{"start":{"line":281,"column":6},"end":{"line":281,"column":61}},"type":"binary-expr","locations":[{"start":{"line":281,"column":6},"end":{"line":281,"column":31}},{"start":{"line":281,"column":35},"end":{"line":281,"column":61}}],"line":281},"36":{"loc":{"start":{"line":284,"column":3},"end":{"line":284,"column":52}},"type":"cond-expr","locations":[{"start":{"line":284,"column":36},"end":{"line":284,"column":43}},{"start":{"line":284,"column":46},"end":{"line":284,"column":52}}],"line":284},"37":{"loc":{"start":{"line":294,"column":2},"end":{"line":294,"column":35}},"type":"if","locations":[{"start":{"line":294,"column":2},"end":{"line":294,"column":35}},{"start":{},"end":{}}],"line":294},"38":{"loc":{"start":{"line":299,"column":2},"end":{"line":302,"column":30}},"type":"if","locations":[{"start":{"line":299,"column":2},"end":{"line":302,"column":30}},{"start":{"line":302,"column":4},"end":{"line":302,"column":30}}],"line":299},"39":{"loc":{"start":{"line":305,"column":0},"end":{"line":334,"column":1}},"type":"if","locations":[{"start":{"line":305,"column":0},"end":{"line":334,"column":1}},{"start":{},"end":{}}],"line":305}},"s":{"0":5,"1":5,"2":5,"3":5,"4":5,"5":5,"6":5,"7":16,"8":16,"9":11,"10":11,"11":1,"12":6,"13":6,"14":30,"15":30,"16":2,"17":2,"18":2,"19":2,"20":1,"21":1,"22":1,"23":1,"24":3,"25":3,"26":3,"27":3,"28":3,"29":1,"30":1,"31":1,"32":2,"33":4,"34":4,"35":2,"36":2,"37":2,"38":0,"39":2,"40":2,"41":2,"42":2,"43":2,"44":2,"45":1,"46":2,"47":2,"48":2,"49":1,"50":3,"51":3,"52":3,"53":3,"54":3,"55":3,"56":1,"57":2,"58":1,"59":7,"60":7,"61":7,"62":0,"63":7,"64":7,"65":6,"66":3,"67":3,"68":7,"69":1,"70":7,"71":4,"72":1,"73":1,"74":3,"75":3,"76":3,"77":3,"78":3,"79":0,"80":0,"81":3,"82":3,"83":4,"84":4,"85":4,"86":5,"87":5,"88":2,"89":2,"90":1,"91":1,"92":1,"93":2,"94":6,"95":6,"96":6,"97":6,"98":2,"99":6,"100":6,"101":6,"102":6,"103":4,"104":4,"105":4,"106":4,"107":3,"108":1,"109":4,"110":4,"111":3,"112":1,"113":2,"114":2,"115":1,"116":1,"117":1,"118":4,"119":4,"120":1,"121":3,"122":4,"123":6,"124":5,"125":5,"126":5,"127":3,"128":4,"129":4,"130":2,"131":2,"132":2,"133":2,"134":2,"135":2,"136":0,"137":0,"138":0,"139":0,"140":3,"141":3,"142":3,"143":3,"144":1,"145":3,"146":1,"147":3,"148":1,"149":3,"150":1,"151":3,"152":3,"153":2,"154":1,"155":1,"156":11,"157":11,"158":11,"159":11,"160":11,"161":2,"162":2,"163":1,"164":1,"165":5,"166":5},"f":{"0":16,"1":30,"2":2,"3":1,"4":3,"5":4,"6":2,"7":2,"8":1,"9":2,"10":3,"11":7,"12":6,"13":1,"14":4,"15":3,"16":4,"17":5,"18":2,"19":6,"20":5,"21":4,"22":0,"23":0,"24":3,"25":2,"26":11,"27":11,"28":2},"b":{"0":[11,5],"1":[1,2],"2":[1,0],"3":[2,2],"4":[0,2],"5":[2,0],"6":[2,0],"7":[1,1],"8":[2,1],"9":[1,2],"10":[3,2],"11":[1,1],"12":[0,7],"13":[3,3],"14":[1,3],"15":[3,0],"16":[0,3],"17":[3,0],"18":[4,0],"19":[5,5],"20":[2,4],"21":[3,1],"22":[3,1],"23":[4,2],"24":[1,2],"25":[3,1],"26":[1,1],"27":[1,3],"28":[2,2],"29":[4,2],"30":[1,2],"31":[1,2],"32":[1,2],"33":[1,2],"34":[1,1],"35":[2,1],"36":[1,0],"37":[11,0],"38":[1,1],"39":[5,0]},"_coverageSchema":"1a1c01bbd47fc00a2c39e90264f33305004495a9","hash":"db0b450145a8b5e958ad19bc4eb4a84984755009"}
,"C:\\Users\\Prakash\\Documents\\work\\projects\\Heimdall\\js\\dashboard.js": {"path":"C:\\Users\\Prakash\\Documents\\work\\projects\\Heimdall\\js\\dashboard.js","statementMap":{"0":{"start":{"line":1,"column":27},"end":{"line":1,"column":31}},"1":{"start":{"line":3,"column":0},"end":{"line":5,"column":2}},"2":{"start":{"line":4,"column":4},"end":{"line":4,"column":20}},"3":{"start":{"line":8,"column":4},"end":{"line":8,"column":25}},"4":{"start":{"line":9,"column":4},"end":{"line":9,"column":27}},"5":{"start":{"line":10,"column":19},"end":{"line":10,"column":71}},"6":{"start":{"line":11,"column":19},"end":{"line":11,"column":61}},"7":{"start":{"line":12,"column":4},"end":{"line":12,"column":33}},"8":{"start":{"line":16,"column":4},"end":{"line":23,"column":7}},"9":{"start":{"line":17,"column":8},"end":{"line":22,"column":11}},"10":{"start":{"line":18,"column":23},"end":{"line":18,"column":53}},"11":{"start":{"line":19,"column":12},"end":{"line":21,"column":13}},"12":{"start":{"line":20,"column":16},"end":{"line":20,"column":31}},"13":{"start":{"line":25,"column":4},"end":{"line":25,"column":94}},"14":{"start":{"line":26,"column":4},"end":{"line":26,"column":25}},"15":{"start":{"line":30,"column":4},"end":{"line":30,"column":72}},"16":{"start":{"line":35,"column":4},"end":{"line":40,"column":7}},"17":{"start":{"line":36,"column":8},"end":{"line":36,"column":40}},"18":{"start":{"line":37,"column":8},"end":{"line":39,"column":9}},"19":{"start":{"line":38,"column":12},"end":{"line":38,"column":41}},"20":{"start":{"line":42,"column":4},"end":{"line":42,"column":56}},"21":{"start":{"line":43,"column":4},"end":{"line":47,"column":5}},"22":{"start":{"line":44,"column":8},"end":{"line":44,"column":61}},"23":{"start":{"line":46,"column":8},"end":{"line":46,"column":62}},"24":{"start":{"line":50,"column":4},"end":{"line":50,"column":64}},"25":{"start":{"line":51,"column":4},"end":{"line":51,"column":64}},"26":{"start":{"line":52,"column":4},"end":{"line":52,"column":68}},"27":{"start":{"line":55,"column":4},"end":{"line":55,"column":70}},"28":{"start":{"line":57,"column":4},"end":{"line":63,"column":5}},"29":{"start":{"line":58,"column":8},"end":{"line":58,"column":25}},"30":{"start":{"line":59,"column":11},"end":{"line":63,"column":5}},"31":{"start":{"line":60,"column":8},"end":{"line":60,"column":38}},"32":{"start":{"line":61,"column":11},"end":{"line":63,"column":5}},"33":{"start":{"line":62,"column":8},"end":{"line":62,"column":25}},"34":{"start":{"line":67,"column":16},"end":{"line":67,"column":27}},"35":{"start":{"line":68,"column":20},"end":{"line":68,"column":60}},"36":{"start":{"line":69,"column":4},"end":{"line":69,"column":29}},"37":{"start":{"line":71,"column":4},"end":{"line":83,"column":5}},"38":{"start":{"line":72,"column":8},"end":{"line":82,"column":9}},"39":{"start":{"line":73,"column":23},"end":{"line":73,"column":52}},"40":{"start":{"line":74,"column":12},"end":{"line":74,"column":40}},"41":{"start":{"line":75,"column":12},"end":{"line":75,"column":51}},"42":{"start":{"line":76,"column":12},"end":{"line":76,"column":48}},"43":{"start":{"line":77,"column":12},"end":{"line":77,"column":35}},"44":{"start":{"line":78,"column":12},"end":{"line":80,"column":20}},"45":{"start":{"line":79,"column":16},"end":{"line":79,"column":60}},"46":{"start":{"line":79,"column":37},"end":{"line":79,"column":57}},"47":{"start":{"line":81,"column":12},"end":{"line":81,"column":40}},"48":{"start":{"line":87,"column":15},"end":{"line":87,"column":44}},"49":{"start":{"line":88,"column":4},"end":{"line":88,"column":36}},"50":{"start":{"line":90,"column":16},"end":{"line":90,"column":43}},"51":{"start":{"line":91,"column":4},"end":{"line":91,"column":38}},"52":{"start":{"line":92,"column":4},"end":{"line":92,"column":27}},"53":{"start":{"line":93,"column":4},"end":{"line":93,"column":47}},"54":{"start":{"line":94,"column":4},"end":{"line":97,"column":6}},"55":{"start":{"line":95,"column":8},"end":{"line":95,"column":27}},"56":{"start":{"line":96,"column":8},"end":{"line":96,"column":33}},"57":{"start":{"line":98,"column":4},"end":{"line":98,"column":28}},"58":{"start":{"line":100,"column":4},"end":{"line":111,"column":5}},"59":{"start":{"line":101,"column":19},"end":{"line":101,"column":46}},"60":{"start":{"line":102,"column":8},"end":{"line":102,"column":40}},"61":{"start":{"line":103,"column":8},"end":{"line":103,"column":38}},"62":{"start":{"line":104,"column":8},"end":{"line":104,"column":45}},"63":{"start":{"line":105,"column":8},"end":{"line":109,"column":10}},"64":{"start":{"line":106,"column":12},"end":{"line":106,"column":31}},"65":{"start":{"line":107,"column":12},"end":{"line":107,"column":32}},"66":{"start":{"line":108,"column":12},"end":{"line":108,"column":45}},"67":{"start":{"line":110,"column":8},"end":{"line":110,"column":31}},"68":{"start":{"line":112,"column":4},"end":{"line":112,"column":16}},"69":{"start":{"line":116,"column":16},"end":{"line":116,"column":56}},"70":{"start":{"line":117,"column":16},"end":{"line":117,"column":56}},"71":{"start":{"line":118,"column":21},"end":{"line":118,"column":59}},"72":{"start":{"line":120,"column":4},"end":{"line":120,"column":20}},"73":{"start":{"line":121,"column":4},"end":{"line":121,"column":33}},"74":{"start":{"line":122,"column":4},"end":{"line":122,"column":32}},"75":{"start":{"line":126,"column":16},"end":{"line":126,"column":56}},"76":{"start":{"line":127,"column":16},"end":{"line":127,"column":56}},"77":{"start":{"line":128,"column":4},"end":{"line":128,"column":35}},"78":{"start":{"line":129,"column":4},"end":{"line":131,"column":12}},"79":{"start":{"line":130,"column":8},"end":{"line":130,"column":34}},"80":{"start":{"line":135,"column":20},"end":{"line":135,"column":60}},"81":{"start":{"line":136,"column":4},"end":{"line":136,"column":50}},"82":{"start":{"line":138,"column":4},"end":{"line":148,"column":7}},"83":{"start":{"line":139,"column":8},"end":{"line":139,"column":33}},"84":{"start":{"line":140,"column":8},"end":{"line":143,"column":9}},"85":{"start":{"line":141,"column":12},"end":{"line":141,"column":83}},"86":{"start":{"line":142,"column":12},"end":{"line":142,"column":19}},"87":{"start":{"line":144,"column":17},"end":{"line":144,"column":18}},"88":{"start":{"line":145,"column":8},"end":{"line":147,"column":11}},"89":{"start":{"line":146,"column":12},"end":{"line":146,"column":61}},"90":{"start":{"line":152,"column":20},"end":{"line":152,"column":60}},"91":{"start":{"line":153,"column":16},"end":{"line":153,"column":53}},"92":{"start":{"line":154,"column":4},"end":{"line":154,"column":32}},"93":{"start":{"line":155,"column":4},"end":{"line":155,"column":48}},"94":{"start":{"line":157,"column":4},"end":{"line":167,"column":7}},"95":{"start":{"line":158,"column":8},"end":{"line":158,"column":33}},"96":{"start":{"line":159,"column":8},"end":{"line":162,"column":9}},"97":{"start":{"line":160,"column":12},"end":{"line":160,"column":68}},"98":{"start":{"line":161,"column":12},"end":{"line":161,"column":19}},"99":{"start":{"line":163,"column":17},"end":{"line":163,"column":18}},"100":{"start":{"line":164,"column":8},"end":{"line":166,"column":11}},"101":{"start":{"line":165,"column":12},"end":{"line":165,"column":61}},"102":{"start":{"line":171,"column":16},"end":{"line":171,"column":27}},"103":{"start":{"line":172,"column":20},"end":{"line":172,"column":64}},"104":{"start":{"line":173,"column":4},"end":{"line":173,"column":29}},"105":{"start":{"line":175,"column":4},"end":{"line":200,"column":5}},"106":{"start":{"line":176,"column":8},"end":{"line":199,"column":9}},"107":{"start":{"line":177,"column":23},"end":{"line":177,"column":52}},"108":{"start":{"line":178,"column":12},"end":{"line":178,"column":52}},"109":{"start":{"line":180,"column":23},"end":{"line":180,"column":52}},"110":{"start":{"line":181,"column":12},"end":{"line":181,"column":87}},"111":{"start":{"line":183,"column":28},"end":{"line":183,"column":60}},"112":{"start":{"line":184,"column":12},"end":{"line":184,"column":51}},"113":{"start":{"line":185,"column":12},"end":{"line":185,"column":50}},"114":{"start":{"line":186,"column":12},"end":{"line":194,"column":20}},"115":{"start":{"line":187,"column":16},"end":{"line":193,"column":18}},"116":{"start":{"line":188,"column":20},"end":{"line":192,"column":21}},"117":{"start":{"line":189,"column":24},"end":{"line":189,"column":38}},"118":{"start":{"line":190,"column":24},"end":{"line":190,"column":45}},"119":{"start":{"line":191,"column":24},"end":{"line":191,"column":41}},"120":{"start":{"line":196,"column":12},"end":{"line":196,"column":35}},"121":{"start":{"line":197,"column":12},"end":{"line":197,"column":40}},"122":{"start":{"line":198,"column":12},"end":{"line":198,"column":40}},"123":{"start":{"line":204,"column":15},"end":{"line":204,"column":68}},"124":{"start":{"line":205,"column":14},"end":{"line":205,"column":66}},"125":{"start":{"line":207,"column":4},"end":{"line":210,"column":5}},"126":{"start":{"line":208,"column":8},"end":{"line":208,"column":44}},"127":{"start":{"line":209,"column":8},"end":{"line":209,"column":15}},"128":{"start":{"line":212,"column":4},"end":{"line":212,"column":23}},"129":{"start":{"line":213,"column":4},"end":{"line":213,"column":56}},"130":{"start":{"line":214,"column":4},"end":{"line":214,"column":55}},"131":{"start":{"line":215,"column":4},"end":{"line":215,"column":25}},"132":{"start":{"line":216,"column":4},"end":{"line":216,"column":21}},"133":{"start":{"line":217,"column":4},"end":{"line":217,"column":38}},"134":{"start":{"line":220,"column":0},"end":{"line":235,"column":1}},"135":{"start":{"line":221,"column":4},"end":{"line":234,"column":6}}},"fnMap":{"0":{"name":"(anonymous_0)","decl":{"start":{"line":3,"column":16},"end":{"line":3,"column":17}},"loc":{"start":{"line":3,"column":28},"end":{"line":5,"column":1}},"line":3},"1":{"name":"initDashboard","decl":{"start":{"line":7,"column":9},"end":{"line":7,"column":22}},"loc":{"start":{"line":7,"column":25},"end":{"line":13,"column":1}},"line":7},"2":{"name":"setupDashboardEvents","decl":{"start":{"line":15,"column":9},"end":{"line":15,"column":29}},"loc":{"start":{"line":15,"column":32},"end":{"line":27,"column":1}},"line":15},"3":{"name":"(anonymous_3)","decl":{"start":{"line":16,"column":51},"end":{"line":16,"column":52}},"loc":{"start":{"line":16,"column":59},"end":{"line":23,"column":5}},"line":16},"4":{"name":"(anonymous_4)","decl":{"start":{"line":17,"column":39},"end":{"line":17,"column":40}},"loc":{"start":{"line":17,"column":51},"end":{"line":22,"column":9}},"line":17},"5":{"name":"setupPreviewEvents","decl":{"start":{"line":29,"column":9},"end":{"line":29,"column":27}},"loc":{"start":{"line":29,"column":30},"end":{"line":31,"column":1}},"line":29},"6":{"name":"showView","decl":{"start":{"line":33,"column":9},"end":{"line":33,"column":17}},"loc":{"start":{"line":33,"column":35},"end":{"line":64,"column":1}},"line":33},"7":{"name":"(anonymous_7)","decl":{"start":{"line":35,"column":51},"end":{"line":35,"column":52}},"loc":{"start":{"line":35,"column":59},"end":{"line":40,"column":5}},"line":35},"8":{"name":"renderSidebarFeeds","decl":{"start":{"line":66,"column":9},"end":{"line":66,"column":27}},"loc":{"start":{"line":66,"column":30},"end":{"line":84,"column":1}},"line":66},"9":{"name":"(anonymous_9)","decl":{"start":{"line":78,"column":28},"end":{"line":78,"column":29}},"loc":{"start":{"line":78,"column":41},"end":{"line":80,"column":13}},"line":78},"10":{"name":"(anonymous_10)","decl":{"start":{"line":79,"column":23},"end":{"line":79,"column":24}},"loc":{"start":{"line":79,"column":35},"end":{"line":79,"column":59}},"line":79},"11":{"name":"renderArticle","decl":{"start":{"line":86,"column":9},"end":{"line":86,"column":22}},"loc":{"start":{"line":86,"column":33},"end":{"line":113,"column":1}},"line":86},"12":{"name":"(anonymous_12)","decl":{"start":{"line":94,"column":20},"end":{"line":94,"column":21}},"loc":{"start":{"line":94,"column":33},"end":{"line":97,"column":5}},"line":94},"13":{"name":"(anonymous_13)","decl":{"start":{"line":105,"column":23},"end":{"line":105,"column":24}},"loc":{"start":{"line":105,"column":36},"end":{"line":109,"column":9}},"line":105},"14":{"name":"openInPreview","decl":{"start":{"line":115,"column":9},"end":{"line":115,"column":22}},"loc":{"start":{"line":115,"column":28},"end":{"line":123,"column":1}},"line":115},"15":{"name":"closePreview","decl":{"start":{"line":125,"column":9},"end":{"line":125,"column":21}},"loc":{"start":{"line":125,"column":24},"end":{"line":132,"column":1}},"line":125},"16":{"name":"(anonymous_16)","decl":{"start":{"line":129,"column":15},"end":{"line":129,"column":16}},"loc":{"start":{"line":129,"column":21},"end":{"line":131,"column":5}},"line":129},"17":{"name":"renderHomeFeed","decl":{"start":{"line":134,"column":9},"end":{"line":134,"column":23}},"loc":{"start":{"line":134,"column":26},"end":{"line":149,"column":1}},"line":134},"18":{"name":"(anonymous_18)","decl":{"start":{"line":138,"column":17},"end":{"line":138,"column":18}},"loc":{"start":{"line":138,"column":34},"end":{"line":148,"column":5}},"line":138},"19":{"name":"(anonymous_19)","decl":{"start":{"line":145,"column":22},"end":{"line":145,"column":23}},"loc":{"start":{"line":145,"column":30},"end":{"line":147,"column":9}},"line":145},"20":{"name":"renderIndividualFeed","decl":{"start":{"line":151,"column":9},"end":{"line":151,"column":29}},"loc":{"start":{"line":151,"column":39},"end":{"line":168,"column":1}},"line":151},"21":{"name":"(anonymous_21)","decl":{"start":{"line":157,"column":24},"end":{"line":157,"column":25}},"loc":{"start":{"line":157,"column":41},"end":{"line":167,"column":5}},"line":157},"22":{"name":"(anonymous_22)","decl":{"start":{"line":164,"column":22},"end":{"line":164,"column":23}},"loc":{"start":{"line":164,"column":30},"end":{"line":166,"column":9}},"line":164},"23":{"name":"renderSettings","decl":{"start":{"line":170,"column":9},"end":{"line":170,"column":23}},"loc":{"start":{"line":170,"column":26},"end":{"line":201,"column":1}},"line":170},"24":{"name":"(anonymous_24)","decl":{"start":{"line":186,"column":33},"end":{"line":186,"column":34}},"loc":{"start":{"line":186,"column":46},"end":{"line":194,"column":13}},"line":186},"25":{"name":"(anonymous_25)","decl":{"start":{"line":187,"column":23},"end":{"line":187,"column":24}},"loc":{"start":{"line":187,"column":35},"end":{"line":193,"column":17}},"line":187},"26":{"name":"handleAddFeedDashboard","decl":{"start":{"line":203,"column":9},"end":{"line":203,"column":31}},"loc":{"start":{"line":203,"column":34},"end":{"line":218,"column":1}},"line":203}},"branchMap":{"0":{"loc":{"start":{"line":10,"column":19},"end":{"line":10,"column":71}},"type":"binary-expr","locations":[{"start":{"line":10,"column":19},"end":{"line":10,"column":61}},{"start":{"line":10,"column":65},"end":{"line":10,"column":71}}],"line":10},"1":{"loc":{"start":{"line":19,"column":12},"end":{"line":21,"column":13}},"type":"if","locations":[{"start":{"line":19,"column":12},"end":{"line":21,"column":13}},{"start":{},"end":{}}],"line":19},"2":{"loc":{"start":{"line":37,"column":8},"end":{"line":39,"column":9}},"type":"if","locations":[{"start":{"line":37,"column":8},"end":{"line":39,"column":9}},{"start":{},"end":{}}],"line":37},"3":{"loc":{"start":{"line":37,"column":12},"end":{"line":37,"column":113}},"type":"binary-expr","locations":[{"start":{"line":37,"column":12},"end":{"line":37,"column":53}},{"start":{"line":37,"column":58},"end":{"line":37,"column":66}},{"start":{"line":37,"column":70},"end":{"line":37,"column":112}}],"line":37},"4":{"loc":{"start":{"line":43,"column":4},"end":{"line":47,"column":5}},"type":"if","locations":[{"start":{"line":43,"column":4},"end":{"line":47,"column":5}},{"start":{"line":45,"column":11},"end":{"line":47,"column":5}}],"line":43},"5":{"loc":{"start":{"line":57,"column":4},"end":{"line":63,"column":5}},"type":"if","locations":[{"start":{"line":57,"column":4},"end":{"line":63,"column":5}},{"start":{"line":59,"column":11},"end":{"line":63,"column":5}}],"line":57},"6":{"loc":{"start":{"line":59,"column":11},"end":{"line":63,"column":5}},"type":"if","locations":[{"start":{"line":59,"column":11},"end":{"line":63,"column":5}},{"start":{"line":61,"column":11},"end":{"line":63,"column":5}}],"line":59},"7":{"loc":{"start":{"line":61,"column":11},"end":{"line":63,"column":5}},"type":"if","locations":[{"start":{"line":61,"column":11},"end":{"line":63,"column":5}},{"start":{},"end":{}}],"line":61},"8":{"loc":{"start":{"line":72,"column":8},"end":{"line":82,"column":9}},"type":"if","locations":[{"start":{"line":72,"column":8},"end":{"line":82,"column":9}},{"start":{},"end":{}}],"line":72},"9":{"loc":{"start":{"line":100,"column":4},"end":{"line":111,"column":5}},"type":"if","locations":[{"start":{"line":100,"column":4},"end":{"line":111,"column":5}},{"start":{},"end":{}}],"line":100},"10":{"loc":{"start":{"line":140,"column":8},"end":{"line":143,"column":9}},"type":"if","locations":[{"start":{"line":140,"column":8},"end":{"line":143,"column":9}},{"start":{},"end":{}}],"line":140},"11":{"loc":{"start":{"line":159,"column":8},"end":{"line":162,"column":9}},"type":"if","locations":[{"start":{"line":159,"column":8},"end":{"line":162,"column":9}},{"start":{},"end":{}}],"line":159},"12":{"loc":{"start":{"line":159,"column":12},"end":{"line":159,"column":40}},"type":"binary-expr","locations":[{"start":{"line":159,"column":12},"end":{"line":159,"column":18}},{"start":{"line":159,"column":22},"end":{"line":159,"column":40}}],"line":159},"13":{"loc":{"start":{"line":176,"column":8},"end":{"line":199,"column":9}},"type":"if","locations":[{"start":{"line":176,"column":8},"end":{"line":199,"column":9}},{"start":{},"end":{}}],"line":176},"14":{"loc":{"start":{"line":188,"column":20},"end":{"line":192,"column":21}},"type":"if","locations":[{"start":{"line":188,"column":20},"end":{"line":192,"column":21}},{"start":{},"end":{}}],"line":188},"15":{"loc":{"start":{"line":207,"column":4},"end":{"line":210,"column":5}},"type":"if","locations":[{"start":{"line":207,"column":4},"end":{"line":210,"column":5}},{"start":{},"end":{}}],"line":207},"16":{"loc":{"start":{"line":207,"column":8},"end":{"line":207,"column":21}},"type":"binary-expr","locations":[{"start":{"line":207,"column":8},"end":{"line":207,"column":13}},{"start":{"line":207,"column":17},"end":{"line":207,"column":21}}],"line":207},"17":{"loc":{"start":{"line":220,"column":0},"end":{"line":235,"column":1}},"type":"if","locations":[{"start":{"line":220,"column":0},"end":{"line":235,"column":1}},{"start":{},"end":{}}],"line":220}},"s":{"0":1,"1":1,"2":0,"3":1,"4":1,"5":1,"6":1,"7":1,"8":2,"9":6,"10":1,"11":1,"12":1,"13":2,"14":2,"15":2,"16":4,"17":10,"18":10,"19":3,"20":4,"21":4,"22":1,"23":3,"24":4,"25":4,"26":4,"27":4,"28":4,"29":2,"30":2,"31":1,"32":1,"33":1,"34":3,"35":3,"36":3,"37":3,"38":6,"39":6,"40":6,"41":6,"42":6,"43":6,"44":6,"45":6,"46":0,"47":6,"48":6,"49":6,"50":6,"51":6,"52":6,"53":6,"54":6,"55":1,"56":1,"57":6,"58":6,"59":3,"60":3,"61":3,"62":3,"63":3,"64":0,"65":0,"66":0,"67":3,"68":6,"69":2,"70":2,"71":2,"72":2,"73":2,"74":2,"75":1,"76":1,"77":1,"78":1,"79":1,"80":2,"81":2,"82":2,"83":2,"84":2,"85":0,"86":0,"87":2,"88":2,"89":4,"90":1,"91":1,"92":1,"93":1,"94":1,"95":1,"96":1,"97":0,"98":0,"99":1,"100":1,"101":1,"102":4,"103":4,"104":4,"105":4,"106":8,"107":8,"108":8,"109":8,"110":8,"111":8,"112":8,"113":8,"114":8,"115":8,"116":1,"117":1,"118":1,"119":1,"120":8,"121":8,"122":8,"123":3,"124":3,"125":3,"126":2,"127":2,"128":1,"129":1,"130":1,"131":1,"132":1,"133":1,"134":1,"135":1},"f":{"0":0,"1":1,"2":2,"3":6,"4":1,"5":2,"6":4,"7":10,"8":3,"9":6,"10":0,"11":6,"12":1,"13":0,"14":2,"15":1,"16":1,"17":2,"18":2,"19":4,"20":1,"21":1,"22":1,"23":4,"24":8,"25":1,"26":3},"b":{"0":[1,1],"1":[1,0],"2":[3,7],"3":[10,3,0],"4":[1,3],"5":[2,2],"6":[1,1],"7":[1,0],"8":[6,0],"9":[3,3],"10":[0,2],"11":[0,1],"12":[1,1],"13":[8,0],"14":[1,0],"15":[2,1],"16":[3,1],"17":[1,0]},"_coverageSchema":"1a1c01bbd47fc00a2c39e90264f33305004495a9","hash":"be650031efa41db3b0ce760c7d1172774fa11a77"}
,"C:\\Users\\Prakash\\Documents\\work\\projects\\Heimdall\\js\\main.js": {"path":"C:\\Users\\Prakash\\Documents\\work\\projects\\Heimdall\\js\\main.js","statementMap":{"0":{"start":{"line":1,"column":19},"end":{"line":1,"column":23}},"1":{"start":{"line":3,"column":2},"end":{"line":3,"column":36}},"2":{"start":{"line":4,"column":2},"end":{"line":4,"column":37}},"3":{"start":{"line":5,"column":2},"end":{"line":5,"column":23}},"4":{"start":{"line":6,"column":2},"end":{"line":6,"column":41}},"5":{"start":{"line":9,"column":0},"end":{"line":9,"column":48}},"6":{"start":{"line":10,"column":0},"end":{"line":10,"column":49}},"7":{"start":{"line":11,"column":0},"end":{"line":11,"column":45}},"8":{"start":{"line":13,"column":0},"end":{"line":13,"column":15}},"9":{"start":{"line":15,"column":0},"end":{"line":19,"column":1}},"10":{"start":{"line":16,"column":2},"end":{"line":18,"column":4}}},"fnMap":{"0":{"name":"startRequest","decl":{"start":{"line":2,"column":9},"end":{"line":2,"column":21}},"loc":{"start":{"line":2,"column":24},"end":{"line":7,"column":1}},"line":2}},"branchMap":{"0":{"loc":{"start":{"line":15,"column":0},"end":{"line":19,"column":1}},"type":"if","locations":[{"start":{"line":15,"column":0},"end":{"line":19,"column":1}},{"start":{},"end":{}}],"line":15}},"s":{"0":3,"1":5,"2":5,"3":5,"4":5,"5":3,"6":3,"7":3,"8":3,"9":3,"10":3},"f":{"0":5},"b":{"0":[3,0]},"_coverageSchema":"1a1c01bbd47fc00a2c39e90264f33305004495a9","hash":"2d96fed151e4f18766344b95cdc1cb1a908a9a47"}
,"C:\\Users\\Prakash\\Documents\\work\\projects\\Heimdall\\js\\options.js": {"path":"C:\\Users\\Prakash\\Documents\\work\\projects\\Heimdall\\js\\options.js","statementMap":{"0":{"start":{"line":1,"column":0},"end":{"line":4,"column":2}},"1":{"start":{"line":2,"column":4},"end":{"line":2,"column":21}},"2":{"start":{"line":3,"column":4},"end":{"line":3,"column":80}},"3":{"start":{"line":7,"column":16},"end":{"line":7,"column":27}},"4":{"start":{"line":8,"column":15},"end":{"line":8,"column":51}},"5":{"start":{"line":9,"column":4},"end":{"line":9,"column":24}},"6":{"start":{"line":11,"column":4},"end":{"line":85,"column":5}},"7":{"start":{"line":12,"column":8},"end":{"line":84,"column":9}},"8":{"start":{"line":13,"column":23},"end":{"line":13,"column":52}},"9":{"start":{"line":14,"column":12},"end":{"line":14,"column":44}},"10":{"start":{"line":16,"column":29},"end":{"line":16,"column":58}},"11":{"start":{"line":17,"column":12},"end":{"line":17,"column":49}},"12":{"start":{"line":19,"column":23},"end":{"line":19,"column":52}},"13":{"start":{"line":20,"column":12},"end":{"line":20,"column":41}},"14":{"start":{"line":22,"column":27},"end":{"line":22,"column":57}},"15":{"start":{"line":23,"column":12},"end":{"line":23,"column":45}},"16":{"start":{"line":24,"column":12},"end":{"line":24,"column":40}},"17":{"start":{"line":26,"column":26},"end":{"line":26,"column":56}},"18":{"start":{"line":27,"column":12},"end":{"line":27,"column":43}},"19":{"start":{"line":28,"column":12},"end":{"line":28,"column":46}},"20":{"start":{"line":30,"column":12},"end":{"line":30,"column":39}},"21":{"start":{"line":31,"column":12},"end":{"line":31,"column":38}},"22":{"start":{"line":33,"column":27},"end":{"line":33,"column":56}},"23":{"start":{"line":34,"column":12},"end":{"line":34,"column":49}},"24":{"start":{"line":36,"column":28},"end":{"line":36,"column":60}},"25":{"start":{"line":37,"column":12},"end":{"line":37,"column":47}},"26":{"start":{"line":38,"column":12},"end":{"line":38,"column":45}},"27":{"start":{"line":39,"column":12},"end":{"line":46,"column":21}},"28":{"start":{"line":40,"column":16},"end":{"line":45,"column":18}},"29":{"start":{"line":41,"column":20},"end":{"line":44,"column":21}},"30":{"start":{"line":42,"column":24},"end":{"line":42,"column":38}},"31":{"start":{"line":43,"column":24},"end":{"line":43,"column":41}},"32":{"start":{"line":48,"column":12},"end":{"line":48,"column":44}},"33":{"start":{"line":49,"column":12},"end":{"line":49,"column":41}},"34":{"start":{"line":50,"column":12},"end":{"line":50,"column":45}},"35":{"start":{"line":51,"column":12},"end":{"line":51,"column":41}},"36":{"start":{"line":54,"column":28},"end":{"line":54,"column":56}},"37":{"start":{"line":55,"column":12},"end":{"line":55,"column":52}},"38":{"start":{"line":56,"column":12},"end":{"line":56,"column":43}},"39":{"start":{"line":57,"column":12},"end":{"line":57,"column":62}},"40":{"start":{"line":58,"column":12},"end":{"line":58,"column":40}},"41":{"start":{"line":60,"column":12},"end":{"line":60,"column":35}},"42":{"start":{"line":63,"column":12},"end":{"line":83,"column":21}},"43":{"start":{"line":64,"column":16},"end":{"line":82,"column":19}},"44":{"start":{"line":65,"column":34},"end":{"line":65,"column":71}},"45":{"start":{"line":66,"column":20},"end":{"line":66,"column":41}},"46":{"start":{"line":66,"column":34},"end":{"line":66,"column":41}},"47":{"start":{"line":67,"column":20},"end":{"line":67,"column":43}},"48":{"start":{"line":68,"column":20},"end":{"line":71,"column":21}},"49":{"start":{"line":69,"column":24},"end":{"line":69,"column":71}},"50":{"start":{"line":70,"column":24},"end":{"line":70,"column":31}},"51":{"start":{"line":72,"column":32},"end":{"line":72,"column":57}},"52":{"start":{"line":73,"column":20},"end":{"line":81,"column":21}},"53":{"start":{"line":73,"column":33},"end":{"line":73,"column":34}},"54":{"start":{"line":74,"column":33},"end":{"line":74,"column":61}},"55":{"start":{"line":75,"column":32},"end":{"line":75,"column":59}},"56":{"start":{"line":76,"column":24},"end":{"line":76,"column":47}},"57":{"start":{"line":77,"column":24},"end":{"line":77,"column":55}},"58":{"start":{"line":78,"column":24},"end":{"line":78,"column":44}},"59":{"start":{"line":79,"column":24},"end":{"line":79,"column":42}},"60":{"start":{"line":80,"column":24},"end":{"line":80,"column":48}},"61":{"start":{"line":89,"column":20},"end":{"line":89,"column":56}},"62":{"start":{"line":90,"column":19},"end":{"line":90,"column":54}},"63":{"start":{"line":92,"column":15},"end":{"line":92,"column":37}},"64":{"start":{"line":93,"column":14},"end":{"line":93,"column":35}},"65":{"start":{"line":95,"column":4},"end":{"line":98,"column":5}},"66":{"start":{"line":96,"column":8},"end":{"line":96,"column":55}},"67":{"start":{"line":97,"column":8},"end":{"line":97,"column":15}},"68":{"start":{"line":100,"column":4},"end":{"line":103,"column":5}},"69":{"start":{"line":101,"column":8},"end":{"line":101,"column":52}},"70":{"start":{"line":102,"column":8},"end":{"line":102,"column":15}},"71":{"start":{"line":105,"column":4},"end":{"line":105,"column":23}},"72":{"start":{"line":106,"column":4},"end":{"line":106,"column":21}},"73":{"start":{"line":108,"column":4},"end":{"line":108,"column":25}},"74":{"start":{"line":109,"column":4},"end":{"line":109,"column":24}},"75":{"start":{"line":112,"column":0},"end":{"line":117,"column":1}},"76":{"start":{"line":113,"column":4},"end":{"line":116,"column":6}}},"fnMap":{"0":{"name":"(anonymous_0)","decl":{"start":{"line":1,"column":16},"end":{"line":1,"column":17}},"loc":{"start":{"line":1,"column":28},"end":{"line":4,"column":1}},"line":1},"1":{"name":"renderFeedList","decl":{"start":{"line":6,"column":9},"end":{"line":6,"column":23}},"loc":{"start":{"line":6,"column":26},"end":{"line":86,"column":1}},"line":6},"2":{"name":"(anonymous_2)","decl":{"start":{"line":39,"column":33},"end":{"line":39,"column":34}},"loc":{"start":{"line":39,"column":46},"end":{"line":46,"column":13}},"line":39},"3":{"name":"(anonymous_3)","decl":{"start":{"line":40,"column":23},"end":{"line":40,"column":24}},"loc":{"start":{"line":40,"column":35},"end":{"line":45,"column":17}},"line":40},"4":{"name":"(anonymous_4)","decl":{"start":{"line":63,"column":13},"end":{"line":63,"column":14}},"loc":{"start":{"line":63,"column":26},"end":{"line":83,"column":13}},"line":63},"5":{"name":"(anonymous_5)","decl":{"start":{"line":64,"column":30},"end":{"line":64,"column":31}},"loc":{"start":{"line":64,"column":47},"end":{"line":82,"column":17}},"line":64},"6":{"name":"handleAddFeed","decl":{"start":{"line":88,"column":9},"end":{"line":88,"column":22}},"loc":{"start":{"line":88,"column":25},"end":{"line":110,"column":1}},"line":88}},"branchMap":{"0":{"loc":{"start":{"line":12,"column":8},"end":{"line":84,"column":9}},"type":"if","locations":[{"start":{"line":12,"column":8},"end":{"line":84,"column":9}},{"start":{},"end":{}}],"line":12},"1":{"loc":{"start":{"line":41,"column":20},"end":{"line":44,"column":21}},"type":"if","locations":[{"start":{"line":41,"column":20},"end":{"line":44,"column":21}},{"start":{},"end":{}}],"line":41},"2":{"loc":{"start":{"line":66,"column":20},"end":{"line":66,"column":41}},"type":"if","locations":[{"start":{"line":66,"column":20},"end":{"line":66,"column":41}},{"start":{},"end":{}}],"line":66},"3":{"loc":{"start":{"line":68,"column":20},"end":{"line":71,"column":21}},"type":"if","locations":[{"start":{"line":68,"column":20},"end":{"line":71,"column":21}},{"start":{},"end":{}}],"line":68},"4":{"loc":{"start":{"line":68,"column":24},"end":{"line":68,"column":52}},"type":"binary-expr","locations":[{"start":{"line":68,"column":24},"end":{"line":68,"column":30}},{"start":{"line":68,"column":34},"end":{"line":68,"column":52}}],"line":68},"5":{"loc":{"start":{"line":95,"column":4},"end":{"line":98,"column":5}},"type":"if","locations":[{"start":{"line":95,"column":4},"end":{"line":98,"column":5}},{"start":{},"end":{}}],"line":95},"6":{"loc":{"start":{"line":95,"column":8},"end":{"line":95,"column":21}},"type":"binary-expr","locations":[{"start":{"line":95,"column":8},"end":{"line":95,"column":13}},{"start":{"line":95,"column":17},"end":{"line":95,"column":21}}],"line":95},"7":{"loc":{"start":{"line":100,"column":4},"end":{"line":103,"column":5}},"type":"if","locations":[{"start":{"line":100,"column":4},"end":{"line":103,"column":5}},{"start":{},"end":{}}],"line":100},"8":{"loc":{"start":{"line":112,"column":0},"end":{"line":117,"column":1}},"type":"if","locations":[{"start":{"line":112,"column":0},"end":{"line":117,"column":1}},{"start":{},"end":{}}],"line":112}},"s":{"0":1,"1":0,"2":0,"3":4,"4":4,"5":4,"6":4,"7":4,"8":4,"9":4,"10":4,"11":4,"12":4,"13":4,"14":4,"15":4,"16":4,"17":4,"18":4,"19":4,"20":4,"21":4,"22":4,"23":4,"24":4,"25":4,"26":4,"27":4,"28":4,"29":1,"30":1,"31":1,"32":4,"33":4,"34":4,"35":4,"36":4,"37":4,"38":4,"39":4,"40":4,"41":4,"42":4,"43":4,"44":4,"45":4,"46":0,"47":4,"48":4,"49":0,"50":0,"51":4,"52":4,"53":4,"54":4,"55":4,"56":4,"57":4,"58":4,"59":4,"60":4,"61":3,"62":3,"63":3,"64":3,"65":3,"66":1,"67":1,"68":2,"69":1,"70":1,"71":1,"72":1,"73":1,"74":1,"75":1,"76":1},"f":{"0":0,"1":4,"2":4,"3":1,"4":4,"5":4,"6":3},"b":{"0":[4,0],"1":[1,0],"2":[0,4],"3":[0,4],"4":[4,4],"5":[1,2],"6":[3,2],"7":[1,1],"8":[1,0]},"_coverageSchema":"1a1c01bbd47fc00a2c39e90264f33305004495a9","hash":"ecd5daeb7453fa9ff1c98b811a168741068d1ebb"}
,"C:\\Users\\Prakash\\Documents\\work\\projects\\Heimdall\\js\\popup.js": {"path":"C:\\Users\\Prakash\\Documents\\work\\projects\\Heimdall\\js\\popup.js","statementMap":{"0":{"start":{"line":1,"column":18},"end":{"line":1,"column":66}},"1":{"start":{"line":3,"column":0},"end":{"line":7,"column":2}},"2":{"start":{"line":4,"column":2},"end":{"line":4,"column":15}},"3":{"start":{"line":5,"column":2},"end":{"line":5,"column":9}},"4":{"start":{"line":6,"column":2},"end":{"line":6,"column":16}},"5":{"start":{"line":10,"column":2},"end":{"line":10,"column":84}},"6":{"start":{"line":11,"column":2},"end":{"line":14,"column":12}},"7":{"start":{"line":12,"column":4},"end":{"line":12,"column":23}},"8":{"start":{"line":13,"column":4},"end":{"line":13,"column":82}},"9":{"start":{"line":16,"column":13},"end":{"line":16,"column":53}},"10":{"start":{"line":17,"column":2},"end":{"line":21,"column":5}},"11":{"start":{"line":18,"column":4},"end":{"line":20,"column":7}},"12":{"start":{"line":19,"column":6},"end":{"line":19,"column":48}},"13":{"start":{"line":25,"column":14},"end":{"line":25,"column":25}},"14":{"start":{"line":26,"column":22},"end":{"line":26,"column":53}},"15":{"start":{"line":27,"column":2},"end":{"line":27,"column":31}},"16":{"start":{"line":30,"column":16},"end":{"line":30,"column":48}},"17":{"start":{"line":31,"column":2},"end":{"line":31,"column":79}},"18":{"start":{"line":32,"column":2},"end":{"line":32,"column":44}},"19":{"start":{"line":33,"column":2},"end":{"line":33,"column":31}},"20":{"start":{"line":34,"column":2},"end":{"line":34,"column":37}},"21":{"start":{"line":36,"column":2},"end":{"line":44,"column":3}},"22":{"start":{"line":37,"column":4},"end":{"line":43,"column":5}},"23":{"start":{"line":38,"column":16},"end":{"line":38,"column":48}},"24":{"start":{"line":39,"column":6},"end":{"line":39,"column":76}},"25":{"start":{"line":40,"column":6},"end":{"line":40,"column":41}},"26":{"start":{"line":41,"column":6},"end":{"line":41,"column":28}},"27":{"start":{"line":42,"column":6},"end":{"line":42,"column":37}},"28":{"start":{"line":48,"column":2},"end":{"line":48,"column":38}},"29":{"start":{"line":48,"column":31},"end":{"line":48,"column":38}},"30":{"start":{"line":50,"column":2},"end":{"line":50,"column":24}},"31":{"start":{"line":51,"column":2},"end":{"line":51,"column":55}},"32":{"start":{"line":54,"column":2},"end":{"line":60,"column":5}},"33":{"start":{"line":55,"column":4},"end":{"line":59,"column":5}},"34":{"start":{"line":56,"column":6},"end":{"line":56,"column":34}},"35":{"start":{"line":58,"column":6},"end":{"line":58,"column":37}},"36":{"start":{"line":63,"column":2},"end":{"line":75,"column":3}},"37":{"start":{"line":64,"column":4},"end":{"line":66,"column":7}},"38":{"start":{"line":65,"column":6},"end":{"line":65,"column":24}},"39":{"start":{"line":68,"column":17},"end":{"line":68,"column":59}},"40":{"start":{"line":69,"column":4},"end":{"line":69,"column":23}},"41":{"start":{"line":72,"column":4},"end":{"line":74,"column":5}},"42":{"start":{"line":73,"column":6},"end":{"line":73,"column":21}},"43":{"start":{"line":79,"column":2},"end":{"line":92,"column":3}},"44":{"start":{"line":80,"column":4},"end":{"line":82,"column":7}},"45":{"start":{"line":81,"column":6},"end":{"line":81,"column":24}},"46":{"start":{"line":84,"column":16},"end":{"line":84,"column":58}},"47":{"start":{"line":85,"column":4},"end":{"line":91,"column":5}},"48":{"start":{"line":86,"column":6},"end":{"line":86,"column":37}},"49":{"start":{"line":87,"column":6},"end":{"line":87,"column":30}},"50":{"start":{"line":90,"column":6},"end":{"line":90,"column":24}},"51":{"start":{"line":96,"column":13},"end":{"line":96,"column":44}},"52":{"start":{"line":99,"column":2},"end":{"line":99,"column":65}},"53":{"start":{"line":99,"column":31},"end":{"line":99,"column":65}},"54":{"start":{"line":101,"column":2},"end":{"line":111,"column":3}},"55":{"start":{"line":102,"column":14},"end":{"line":102,"column":42}},"56":{"start":{"line":103,"column":14},"end":{"line":103,"column":42}},"57":{"start":{"line":104,"column":4},"end":{"line":104,"column":56}},"58":{"start":{"line":105,"column":4},"end":{"line":105,"column":28}},"59":{"start":{"line":106,"column":4},"end":{"line":106,"column":25}},"60":{"start":{"line":107,"column":4},"end":{"line":107,"column":26}},"61":{"start":{"line":108,"column":4},"end":{"line":108,"column":29}},"62":{"start":{"line":109,"column":4},"end":{"line":109,"column":27}},"63":{"start":{"line":110,"column":4},"end":{"line":110,"column":11}},"64":{"start":{"line":113,"column":2},"end":{"line":141,"column":3}},"65":{"start":{"line":113,"column":15},"end":{"line":113,"column":16}},"66":{"start":{"line":114,"column":15},"end":{"line":114,"column":23}},"67":{"start":{"line":115,"column":14},"end":{"line":115,"column":42}},"68":{"start":{"line":116,"column":4},"end":{"line":116,"column":27}},"69":{"start":{"line":117,"column":14},"end":{"line":117,"column":42}},"70":{"start":{"line":118,"column":4},"end":{"line":118,"column":28}},"71":{"start":{"line":119,"column":19},"end":{"line":119,"column":47}},"72":{"start":{"line":120,"column":16},"end":{"line":120,"column":43}},"73":{"start":{"line":121,"column":4},"end":{"line":121,"column":35}},"74":{"start":{"line":122,"column":4},"end":{"line":122,"column":35}},"75":{"start":{"line":123,"column":4},"end":{"line":123,"column":27}},"76":{"start":{"line":124,"column":4},"end":{"line":124,"column":46}},"77":{"start":{"line":126,"column":4},"end":{"line":126,"column":32}},"78":{"start":{"line":129,"column":4},"end":{"line":136,"column":5}},"79":{"start":{"line":130,"column":21},"end":{"line":130,"column":48}},"80":{"start":{"line":131,"column":6},"end":{"line":131,"column":38}},"81":{"start":{"line":132,"column":6},"end":{"line":132,"column":42}},"82":{"start":{"line":133,"column":6},"end":{"line":133,"column":40}},"83":{"start":{"line":134,"column":6},"end":{"line":134,"column":51}},"84":{"start":{"line":135,"column":6},"end":{"line":135,"column":37}},"85":{"start":{"line":138,"column":4},"end":{"line":138,"column":25}},"86":{"start":{"line":139,"column":4},"end":{"line":139,"column":29}},"87":{"start":{"line":140,"column":4},"end":{"line":140,"column":26}},"88":{"start":{"line":142,"column":2},"end":{"line":142,"column":25}},"89":{"start":{"line":143,"column":2},"end":{"line":143,"column":27}},"90":{"start":{"line":147,"column":18},"end":{"line":147,"column":49}},"91":{"start":{"line":148,"column":2},"end":{"line":148,"column":80}},"92":{"start":{"line":148,"column":36},"end":{"line":148,"column":80}},"93":{"start":{"line":150,"column":2},"end":{"line":150,"column":27}},"94":{"start":{"line":151,"column":2},"end":{"line":151,"column":25}},"95":{"start":{"line":153,"column":2},"end":{"line":153,"column":33}},"96":{"start":{"line":154,"column":2},"end":{"line":154,"column":26}},"97":{"start":{"line":155,"column":2},"end":{"line":155,"column":37}},"98":{"start":{"line":160,"column":0},"end":{"line":169,"column":1}},"99":{"start":{"line":161,"column":2},"end":{"line":168,"column":4}}},"fnMap":{"0":{"name":"(anonymous_0)","decl":{"start":{"line":3,"column":16},"end":{"line":3,"column":17}},"loc":{"start":{"line":3,"column":28},"end":{"line":7,"column":1}},"line":3},"1":{"name":"setupEvents","decl":{"start":{"line":9,"column":9},"end":{"line":9,"column":20}},"loc":{"start":{"line":9,"column":23},"end":{"line":22,"column":1}},"line":9},"2":{"name":"(anonymous_2)","decl":{"start":{"line":11,"column":68},"end":{"line":11,"column":69}},"loc":{"start":{"line":11,"column":81},"end":{"line":14,"column":3}},"line":11},"3":{"name":"(anonymous_3)","decl":{"start":{"line":17,"column":15},"end":{"line":17,"column":16}},"loc":{"start":{"line":17,"column":30},"end":{"line":21,"column":3}},"line":17},"4":{"name":"(anonymous_4)","decl":{"start":{"line":18,"column":34},"end":{"line":18,"column":35}},"loc":{"start":{"line":18,"column":46},"end":{"line":20,"column":5}},"line":18},"5":{"name":"renderTabs","decl":{"start":{"line":24,"column":9},"end":{"line":24,"column":19}},"loc":{"start":{"line":24,"column":22},"end":{"line":45,"column":1}},"line":24},"6":{"name":"switchTab","decl":{"start":{"line":47,"column":9},"end":{"line":47,"column":18}},"loc":{"start":{"line":47,"column":28},"end":{"line":76,"column":1}},"line":47},"7":{"name":"(anonymous_7)","decl":{"start":{"line":54,"column":51},"end":{"line":54,"column":52}},"loc":{"start":{"line":54,"column":66},"end":{"line":60,"column":3}},"line":54},"8":{"name":"(anonymous_8)","decl":{"start":{"line":64,"column":17},"end":{"line":64,"column":18}},"loc":{"start":{"line":64,"column":34},"end":{"line":66,"column":5}},"line":64},"9":{"name":"main","decl":{"start":{"line":78,"column":9},"end":{"line":78,"column":13}},"loc":{"start":{"line":78,"column":16},"end":{"line":93,"column":1}},"line":78},"10":{"name":"(anonymous_10)","decl":{"start":{"line":80,"column":17},"end":{"line":80,"column":18}},"loc":{"start":{"line":80,"column":34},"end":{"line":82,"column":5}},"line":80},"11":{"name":"buildPopup","decl":{"start":{"line":95,"column":9},"end":{"line":95,"column":19}},"loc":{"start":{"line":95,"column":27},"end":{"line":144,"column":1}},"line":95},"12":{"name":"refreshLinks","decl":{"start":{"line":146,"column":9},"end":{"line":146,"column":21}},"loc":{"start":{"line":146,"column":24},"end":{"line":156,"column":1}},"line":146}},"branchMap":{"0":{"loc":{"start":{"line":1,"column":18},"end":{"line":1,"column":66}},"type":"binary-expr","locations":[{"start":{"line":1,"column":18},"end":{"line":1,"column":56}},{"start":{"line":1,"column":60},"end":{"line":1,"column":66}}],"line":1},"1":{"loc":{"start":{"line":13,"column":5},"end":{"line":13,"column":54}},"type":"cond-expr","locations":[{"start":{"line":13,"column":38},"end":{"line":13,"column":45}},{"start":{"line":13,"column":48},"end":{"line":13,"column":54}}],"line":13},"2":{"loc":{"start":{"line":31,"column":38},"end":{"line":31,"column":77}},"type":"cond-expr","locations":[{"start":{"line":31,"column":63},"end":{"line":31,"column":72}},{"start":{"line":31,"column":75},"end":{"line":31,"column":77}}],"line":31},"3":{"loc":{"start":{"line":37,"column":4},"end":{"line":43,"column":5}},"type":"if","locations":[{"start":{"line":37,"column":4},"end":{"line":43,"column":5}},{"start":{},"end":{}}],"line":37},"4":{"loc":{"start":{"line":39,"column":38},"end":{"line":39,"column":74}},"type":"cond-expr","locations":[{"start":{"line":39,"column":60},"end":{"line":39,"column":69}},{"start":{"line":39,"column":72},"end":{"line":39,"column":74}}],"line":39},"5":{"loc":{"start":{"line":48,"column":2},"end":{"line":48,"column":38}},"type":"if","locations":[{"start":{"line":48,"column":2},"end":{"line":48,"column":38}},{"start":{},"end":{}}],"line":48},"6":{"loc":{"start":{"line":55,"column":4},"end":{"line":59,"column":5}},"type":"if","locations":[{"start":{"line":55,"column":4},"end":{"line":59,"column":5}},{"start":{"line":57,"column":11},"end":{"line":59,"column":5}}],"line":55},"7":{"loc":{"start":{"line":63,"column":2},"end":{"line":75,"column":3}},"type":"if","locations":[{"start":{"line":63,"column":2},"end":{"line":75,"column":3}},{"start":{"line":67,"column":9},"end":{"line":75,"column":3}}],"line":63},"8":{"loc":{"start":{"line":72,"column":4},"end":{"line":74,"column":5}},"type":"if","locations":[{"start":{"line":72,"column":4},"end":{"line":74,"column":5}},{"start":{},"end":{}}],"line":72},"9":{"loc":{"start":{"line":79,"column":2},"end":{"line":92,"column":3}},"type":"if","locations":[{"start":{"line":79,"column":2},"end":{"line":92,"column":3}},{"start":{"line":83,"column":9},"end":{"line":92,"column":3}}],"line":79},"10":{"loc":{"start":{"line":85,"column":4},"end":{"line":91,"column":5}},"type":"if","locations":[{"start":{"line":85,"column":4},"end":{"line":91,"column":5}},{"start":{"line":89,"column":9},"end":{"line":91,"column":5}}],"line":85},"11":{"loc":{"start":{"line":101,"column":2},"end":{"line":111,"column":3}},"type":"if","locations":[{"start":{"line":101,"column":2},"end":{"line":111,"column":3}},{"start":{},"end":{}}],"line":101},"12":{"loc":{"start":{"line":101,"column":6},"end":{"line":101,"column":34}},"type":"binary-expr","locations":[{"start":{"line":101,"column":6},"end":{"line":101,"column":12}},{"start":{"line":101,"column":16},"end":{"line":101,"column":34}}],"line":101},"13":{"loc":{"start":{"line":129,"column":4},"end":{"line":136,"column":5}},"type":"if","locations":[{"start":{"line":129,"column":4},"end":{"line":136,"column":5}},{"start":{},"end":{}}],"line":129},"14":{"loc":{"start":{"line":160,"column":0},"end":{"line":169,"column":1}},"type":"if","locations":[{"start":{"line":160,"column":0},"end":{"line":169,"column":1}},{"start":{},"end":{}}],"line":160}},"s":{"0":7,"1":7,"2":0,"3":0,"4":0,"5":1,"6":1,"7":1,"8":1,"9":1,"10":1,"11":0,"12":0,"13":1,"14":1,"15":1,"16":1,"17":1,"18":1,"19":1,"20":1,"21":1,"22":2,"23":2,"24":2,"25":2,"26":2,"27":2,"28":3,"29":0,"30":3,"31":3,"32":3,"33":3,"34":1,"35":2,"36":3,"37":0,"38":0,"39":3,"40":3,"41":3,"42":1,"43":2,"44":1,"45":1,"46":1,"47":1,"48":0,"49":0,"50":1,"51":7,"52":7,"53":2,"54":7,"55":2,"56":2,"57":2,"58":2,"59":2,"60":2,"61":2,"62":2,"63":2,"64":5,"65":5,"66":6,"67":6,"68":6,"69":6,"70":6,"71":6,"72":6,"73":6,"74":6,"75":6,"76":6,"77":6,"78":6,"79":1,"80":1,"81":1,"82":1,"83":1,"84":1,"85":6,"86":6,"87":6,"88":5,"89":5,"90":3,"91":3,"92":1,"93":3,"94":3,"95":3,"96":3,"97":3,"98":7,"99":7},"f":{"0":0,"1":1,"2":1,"3":0,"4":0,"5":1,"6":3,"7":3,"8":0,"9":2,"10":1,"11":7,"12":3},"b":{"0":[7,7],"1":[1,0],"2":[1,0],"3":[2,0],"4":[0,2],"5":[0,3],"6":[1,2],"7":[0,3],"8":[1,2],"9":[1,1],"10":[0,1],"11":[2,5],"12":[7,6],"13":[1,5],"14":[7,0]},"_coverageSchema":"1a1c01bbd47fc00a2c39e90264f33305004495a9","hash":"fd869cc6895b7d703ff57bc950277ee8d9964955"}
}
