TN:
SF:js\background-wrapper.js
FNF:0
FNH:0
DA:1,2
DA:2,2
DA:4,1
LF:3
LH:3
BRF:0
BRH:0
end_of_record
TN:
SF:js\core.js
FN:16,LoadFeeds
FN:30,SaveFeeds
FN:35,AddFeed
FN:42,RemoveFeed
FN:49,GetMixedFeed
FN:60,(anonymous_5)
FN:69,(anonymous_6)
FN:80,finalizeMixedFeed
FN:83,(anonymous_8)
FN:87,SetInitialOption
FN:93,UpdateIfReady
FN:109,UpdateFeed
FN:115,(anonymous_12)
FN:123,(anonymous_13)
FN:129,onRssSuccess
FN:148,updateLastRefreshTime
FN:152,onRssError
FN:159,handleFeedParsingFailed
FN:164,parseXml
FN:178,parseFeedLinks
FN:229,SaveLinksToLocalStorage
FN:236,RetrieveLinksFromLocalStorage
FN:252,openLink
FN:257,openLinkFront
FN:262,printTime
FN:279,openUrl
FN:287,hideElement
FN:292,showElement
FN:297,toggle
FNF:29
FNH:27
FNDA:16,LoadFeeds
FNDA:30,SaveFeeds
FNDA:2,AddFeed
FNDA:1,RemoveFeed
FNDA:3,GetMixedFeed
FNDA:4,(anonymous_5)
FNDA:2,(anonymous_6)
FNDA:2,finalizeMixedFeed
FNDA:1,(anonymous_8)
FNDA:2,SetInitialOption
FNDA:3,UpdateIfReady
FNDA:7,UpdateFeed
FNDA:6,(anonymous_12)
FNDA:1,(anonymous_13)
FNDA:4,onRssSuccess
FNDA:3,updateLastRefreshTime
FNDA:4,onRssError
FNDA:5,handleFeedParsingFailed
FNDA:2,parseXml
FNDA:6,parseFeedLinks
FNDA:5,SaveLinksToLocalStorage
FNDA:4,RetrieveLinksFromLocalStorage
FNDA:0,openLink
FNDA:0,openLinkFront
FNDA:3,printTime
FNDA:2,openUrl
FNDA:11,hideElement
FNDA:11,showElement
FNDA:2,toggle
DA:1,5
DA:3,5
DA:4,5
DA:5,5
DA:6,5
DA:8,5
DA:14,5
DA:17,16
DA:18,16
DA:19,11
DA:20,11
DA:22,1
DA:26,6
DA:27,6
DA:31,30
DA:32,30
DA:36,2
DA:37,2
DA:38,2
DA:39,2
DA:43,1
DA:44,1
DA:45,1
DA:46,1
DA:50,3
DA:51,3
DA:52,3
DA:53,3
DA:55,3
DA:56,1
DA:57,1
DA:60,2
DA:61,4
DA:62,4
DA:63,2
DA:64,2
DA:65,2
DA:66,0
DA:69,2
DA:70,2
DA:71,2
DA:72,2
DA:73,2
DA:83,2
DA:84,2
DA:88,2
DA:89,1
DA:94,3
DA:95,3
DA:96,3
DA:97,3
DA:98,3
DA:99,3
DA:100,1
DA:103,2
DA:104,1
DA:110,7
DA:111,7
DA:112,7
DA:114,7
DA:115,7
DA:116,6
DA:117,3
DA:120,3
DA:123,7
DA:124,1
DA:126,7
DA:130,4
DA:131,1
DA:132,1
DA:134,3
DA:135,3
DA:137,3
DA:138,3
DA:141,3
DA:142,0
DA:143,0
DA:145,3
DA:149,3
DA:153,4
DA:154,4
DA:155,4
DA:160,5
DA:161,5
DA:166,2
DA:167,2
DA:168,1
DA:169,1
DA:172,1
DA:175,2
DA:179,6
DA:180,6
DA:181,6
DA:182,6
DA:183,2
DA:185,6
DA:186,6
DA:187,6
DA:188,4
DA:189,4
DA:191,4
DA:192,4
DA:193,3
DA:195,1
DA:199,4
DA:200,4
DA:202,3
DA:203,1
DA:205,2
DA:206,2
DA:207,1
DA:209,1
DA:213,1
DA:217,4
DA:218,4
DA:219,1
DA:221,3
DA:224,4
DA:226,6
DA:230,5
DA:231,5
DA:232,3
DA:237,4
DA:238,4
DA:239,2
DA:242,2
DA:243,2
DA:244,2
DA:246,2
DA:253,0
DA:254,0
DA:258,0
DA:259,0
DA:263,3
DA:264,3
DA:265,3
DA:266,3
DA:267,3
DA:268,3
DA:269,3
DA:270,3
DA:275,3
DA:281,2
DA:282,1
DA:284,1
DA:288,11
DA:289,11
DA:293,11
DA:294,11
DA:298,2
DA:299,2
DA:300,1
DA:302,1
DA:305,5
DA:306,5
LF:155
LH:148
BRDA:18,0,0,11
BRDA:18,0,1,5
BRDA:55,1,0,1
BRDA:55,1,1,2
BRDA:56,2,0,1
BRDA:56,2,1,0
BRDA:62,3,0,2
BRDA:62,3,1,2
BRDA:65,4,0,0
BRDA:65,4,1,2
BRDA:72,5,0,2
BRDA:72,5,1,0
BRDA:84,6,0,2
BRDA:84,6,1,0
BRDA:88,7,0,1
BRDA:88,7,1,1
BRDA:88,8,0,2
BRDA:88,8,1,1
BRDA:99,9,0,1
BRDA:99,9,1,2
BRDA:99,10,0,3
BRDA:99,10,1,2
BRDA:103,11,0,1
BRDA:103,11,1,1
BRDA:112,12,0,0
BRDA:112,12,1,7
BRDA:116,13,0,3
BRDA:116,13,1,3
BRDA:130,14,0,1
BRDA:130,14,1,3
BRDA:137,15,0,3
BRDA:137,15,1,0
BRDA:141,16,0,0
BRDA:141,16,1,3
BRDA:141,17,0,3
BRDA:141,17,1,0
BRDA:154,18,0,4
BRDA:154,18,1,0
BRDA:160,19,0,5
BRDA:160,19,1,5
BRDA:182,20,0,2
BRDA:182,20,1,4
BRDA:192,21,0,3
BRDA:192,21,1,1
BRDA:200,22,0,3
BRDA:200,22,1,1
BRDA:200,23,0,4
BRDA:200,23,1,2
BRDA:202,24,0,1
BRDA:202,24,1,2
BRDA:202,25,0,3
BRDA:202,25,1,1
BRDA:206,26,0,1
BRDA:206,26,1,1
BRDA:218,27,0,1
BRDA:218,27,1,3
BRDA:238,28,0,2
BRDA:238,28,1,2
BRDA:238,29,0,4
BRDA:238,29,1,2
BRDA:266,30,0,1
BRDA:266,30,1,2
BRDA:267,31,0,1
BRDA:267,31,1,2
BRDA:268,32,0,1
BRDA:268,32,1,2
BRDA:269,33,0,1
BRDA:269,33,1,2
BRDA:281,34,0,1
BRDA:281,34,1,1
BRDA:281,35,0,2
BRDA:281,35,1,1
BRDA:284,36,0,1
BRDA:284,36,1,0
BRDA:294,37,0,11
BRDA:294,37,1,0
BRDA:299,38,0,1
BRDA:299,38,1,1
BRDA:305,39,0,5
BRDA:305,39,1,0
BRF:80
BRH:68
end_of_record
TN:
SF:js\dashboard.js
FN:3,(anonymous_0)
FN:7,initDashboard
FN:15,setupDashboardEvents
FN:16,(anonymous_3)
FN:17,(anonymous_4)
FN:29,setupPreviewEvents
FN:33,showView
FN:35,(anonymous_7)
FN:66,renderSidebarFeeds
FN:78,(anonymous_9)
FN:79,(anonymous_10)
FN:86,renderArticle
FN:94,(anonymous_12)
FN:105,(anonymous_13)
FN:115,openInPreview
FN:125,closePreview
FN:129,(anonymous_16)
FN:134,renderHomeFeed
FN:138,(anonymous_18)
FN:145,(anonymous_19)
FN:151,renderIndividualFeed
FN:157,(anonymous_21)
FN:164,(anonymous_22)
FN:170,renderSettings
FN:186,(anonymous_24)
FN:187,(anonymous_25)
FN:203,handleAddFeedDashboard
FNF:27
FNH:24
FNDA:0,(anonymous_0)
FNDA:1,initDashboard
FNDA:2,setupDashboardEvents
FNDA:6,(anonymous_3)
FNDA:1,(anonymous_4)
FNDA:2,setupPreviewEvents
FNDA:4,showView
FNDA:10,(anonymous_7)
FNDA:3,renderSidebarFeeds
FNDA:6,(anonymous_9)
FNDA:0,(anonymous_10)
FNDA:6,renderArticle
FNDA:1,(anonymous_12)
FNDA:0,(anonymous_13)
FNDA:2,openInPreview
FNDA:1,closePreview
FNDA:1,(anonymous_16)
FNDA:2,renderHomeFeed
FNDA:2,(anonymous_18)
FNDA:4,(anonymous_19)
FNDA:1,renderIndividualFeed
FNDA:1,(anonymous_21)
FNDA:1,(anonymous_22)
FNDA:4,renderSettings
FNDA:8,(anonymous_24)
FNDA:1,(anonymous_25)
FNDA:3,handleAddFeedDashboard
DA:1,1
DA:3,1
DA:4,0
DA:8,1
DA:9,1
DA:10,1
DA:11,1
DA:12,1
DA:16,2
DA:17,6
DA:18,1
DA:19,1
DA:20,1
DA:25,2
DA:26,2
DA:30,2
DA:35,4
DA:36,10
DA:37,10
DA:38,3
DA:42,4
DA:43,4
DA:44,1
DA:46,3
DA:50,4
DA:51,4
DA:52,4
DA:55,4
DA:57,4
DA:58,2
DA:59,2
DA:60,1
DA:61,1
DA:62,1
DA:67,3
DA:68,3
DA:69,3
DA:71,3
DA:72,6
DA:73,6
DA:74,6
DA:75,6
DA:76,6
DA:77,6
DA:78,6
DA:79,6
DA:81,6
DA:87,6
DA:88,6
DA:90,6
DA:91,6
DA:92,6
DA:93,6
DA:94,6
DA:95,1
DA:96,1
DA:98,6
DA:100,6
DA:101,3
DA:102,3
DA:103,3
DA:104,3
DA:105,3
DA:106,0
DA:107,0
DA:108,0
DA:110,3
DA:112,6
DA:116,2
DA:117,2
DA:118,2
DA:120,2
DA:121,2
DA:122,2
DA:126,1
DA:127,1
DA:128,1
DA:129,1
DA:130,1
DA:135,2
DA:136,2
DA:138,2
DA:139,2
DA:140,2
DA:141,0
DA:142,0
DA:144,2
DA:145,2
DA:146,4
DA:152,1
DA:153,1
DA:154,1
DA:155,1
DA:157,1
DA:158,1
DA:159,1
DA:160,0
DA:161,0
DA:163,1
DA:164,1
DA:165,1
DA:171,4
DA:172,4
DA:173,4
DA:175,4
DA:176,8
DA:177,8
DA:178,8
DA:180,8
DA:181,8
DA:183,8
DA:184,8
DA:185,8
DA:186,8
DA:187,8
DA:188,1
DA:189,1
DA:190,1
DA:191,1
DA:196,8
DA:197,8
DA:198,8
DA:204,3
DA:205,3
DA:207,3
DA:208,2
DA:209,2
DA:212,1
DA:213,1
DA:214,1
DA:215,1
DA:216,1
DA:217,1
DA:220,1
DA:221,1
LF:135
LH:127
BRDA:10,0,0,1
BRDA:10,0,1,1
BRDA:19,1,0,1
BRDA:19,1,1,0
BRDA:37,2,0,3
BRDA:37,2,1,7
BRDA:37,3,0,10
BRDA:37,3,1,3
BRDA:37,3,2,0
BRDA:43,4,0,1
BRDA:43,4,1,3
BRDA:57,5,0,2
BRDA:57,5,1,2
BRDA:59,6,0,1
BRDA:59,6,1,1
BRDA:61,7,0,1
BRDA:61,7,1,0
BRDA:72,8,0,6
BRDA:72,8,1,0
BRDA:100,9,0,3
BRDA:100,9,1,3
BRDA:140,10,0,0
BRDA:140,10,1,2
BRDA:159,11,0,0
BRDA:159,11,1,1
BRDA:159,12,0,1
BRDA:159,12,1,1
BRDA:176,13,0,8
BRDA:176,13,1,0
BRDA:188,14,0,1
BRDA:188,14,1,0
BRDA:207,15,0,2
BRDA:207,15,1,1
BRDA:207,16,0,3
BRDA:207,16,1,1
BRDA:220,17,0,1
BRDA:220,17,1,0
BRF:37
BRH:28
end_of_record
TN:
SF:js\main.js
FN:2,startRequest
FNF:1
FNH:1
FNDA:5,startRequest
DA:1,3
DA:3,5
DA:4,5
DA:5,5
DA:6,5
DA:9,3
DA:10,3
DA:11,3
DA:13,3
DA:15,3
DA:16,3
LF:11
LH:11
BRDA:15,0,0,3
BRDA:15,0,1,0
BRF:2
BRH:1
end_of_record
TN:
SF:js\options.js
FN:1,(anonymous_0)
FN:6,renderFeedList
FN:39,(anonymous_2)
FN:40,(anonymous_3)
FN:63,(anonymous_4)
FN:64,(anonymous_5)
FN:88,handleAddFeed
FNF:7
FNH:6
FNDA:0,(anonymous_0)
FNDA:4,renderFeedList
FNDA:4,(anonymous_2)
FNDA:1,(anonymous_3)
FNDA:4,(anonymous_4)
FNDA:4,(anonymous_5)
FNDA:3,handleAddFeed
DA:1,1
DA:2,0
DA:3,0
DA:7,4
DA:8,4
DA:9,4
DA:11,4
DA:12,4
DA:13,4
DA:14,4
DA:16,4
DA:17,4
DA:19,4
DA:20,4
DA:22,4
DA:23,4
DA:24,4
DA:26,4
DA:27,4
DA:28,4
DA:30,4
DA:31,4
DA:33,4
DA:34,4
DA:36,4
DA:37,4
DA:38,4
DA:39,4
DA:40,4
DA:41,1
DA:42,1
DA:43,1
DA:48,4
DA:49,4
DA:50,4
DA:51,4
DA:54,4
DA:55,4
DA:56,4
DA:57,4
DA:58,4
DA:60,4
DA:63,4
DA:64,4
DA:65,4
DA:66,4
DA:67,4
DA:68,4
DA:69,0
DA:70,0
DA:72,4
DA:73,4
DA:74,4
DA:75,4
DA:76,4
DA:77,4
DA:78,4
DA:79,4
DA:80,4
DA:89,3
DA:90,3
DA:92,3
DA:93,3
DA:95,3
DA:96,1
DA:97,1
DA:100,2
DA:101,1
DA:102,1
DA:105,1
DA:106,1
DA:108,1
DA:109,1
DA:112,1
DA:113,1
LF:75
LH:71
BRDA:12,0,0,4
BRDA:12,0,1,0
BRDA:41,1,0,1
BRDA:41,1,1,0
BRDA:66,2,0,0
BRDA:66,2,1,4
BRDA:68,3,0,0
BRDA:68,3,1,4
BRDA:68,4,0,4
BRDA:68,4,1,4
BRDA:95,5,0,1
BRDA:95,5,1,2
BRDA:95,6,0,3
BRDA:95,6,1,2
BRDA:100,7,0,1
BRDA:100,7,1,1
BRDA:112,8,0,1
BRDA:112,8,1,0
BRF:18
BRH:13
end_of_record
TN:
SF:js\popup.js
FN:3,(anonymous_0)
FN:9,setupEvents
FN:11,(anonymous_2)
FN:17,(anonymous_3)
FN:18,(anonymous_4)
FN:24,renderTabs
FN:47,switchTab
FN:54,(anonymous_7)
FN:64,(anonymous_8)
FN:78,main
FN:80,(anonymous_10)
FN:95,buildPopup
FN:146,refreshLinks
FNF:13
FNH:9
FNDA:0,(anonymous_0)
FNDA:1,setupEvents
FNDA:1,(anonymous_2)
FNDA:0,(anonymous_3)
FNDA:0,(anonymous_4)
FNDA:1,renderTabs
FNDA:3,switchTab
FNDA:3,(anonymous_7)
FNDA:0,(anonymous_8)
FNDA:2,main
FNDA:1,(anonymous_10)
FNDA:7,buildPopup
FNDA:3,refreshLinks
DA:1,7
DA:3,7
DA:4,0
DA:5,0
DA:6,0
DA:10,1
DA:11,1
DA:12,1
DA:13,1
DA:16,1
DA:17,1
DA:18,0
DA:19,0
DA:25,1
DA:26,1
DA:27,1
DA:30,1
DA:31,1
DA:32,1
DA:33,1
DA:34,1
DA:36,1
DA:37,2
DA:38,2
DA:39,2
DA:40,2
DA:41,2
DA:42,2
DA:48,3
DA:50,3
DA:51,3
DA:54,3
DA:55,3
DA:56,1
DA:58,2
DA:63,3
DA:64,0
DA:65,0
DA:68,3
DA:69,3
DA:72,3
DA:73,1
DA:79,2
DA:80,1
DA:81,1
DA:84,1
DA:85,1
DA:86,0
DA:87,0
DA:90,1
DA:96,7
DA:99,7
DA:101,7
DA:102,2
DA:103,2
DA:104,2
DA:105,2
DA:106,2
DA:107,2
DA:108,2
DA:109,2
DA:110,2
DA:113,5
DA:114,6
DA:115,6
DA:116,6
DA:117,6
DA:118,6
DA:119,6
DA:120,6
DA:121,6
DA:122,6
DA:123,6
DA:124,6
DA:126,6
DA:129,6
DA:130,1
DA:131,1
DA:132,1
DA:133,1
DA:134,1
DA:135,1
DA:138,6
DA:139,6
DA:140,6
DA:142,5
DA:143,5
DA:147,3
DA:148,3
DA:150,3
DA:151,3
DA:153,3
DA:154,3
DA:155,3
DA:160,7
DA:161,7
LF:96
LH:87
BRDA:1,0,0,7
BRDA:1,0,1,7
BRDA:13,1,0,1
BRDA:13,1,1,0
BRDA:31,2,0,1
BRDA:31,2,1,0
BRDA:37,3,0,2
BRDA:37,3,1,0
BRDA:39,4,0,0
BRDA:39,4,1,2
BRDA:48,5,0,0
BRDA:48,5,1,3
BRDA:55,6,0,1
BRDA:55,6,1,2
BRDA:63,7,0,0
BRDA:63,7,1,3
BRDA:72,8,0,1
BRDA:72,8,1,2
BRDA:79,9,0,1
BRDA:79,9,1,1
BRDA:85,10,0,0
BRDA:85,10,1,1
BRDA:101,11,0,2
BRDA:101,11,1,5
BRDA:101,12,0,7
BRDA:101,12,1,6
BRDA:129,13,0,1
BRDA:129,13,1,5
BRDA:160,14,0,7
BRDA:160,14,1,0
BRF:30
BRH:22
end_of_record
